<?xml version="1.0" encoding="UTF-8"?>
<!-- Generated by org.testng.reporters.JUnitXMLReporter -->
<testsuite ignored="0" hostname="DESKTOP-KJ197RR" failures="0" tests="1" name="Default test" time="34.858" errors="0" timestamp="2025-02-28T15:06:53 IST">
  <testcase classname="KetchAppTest.BaseTest" name="@BeforeTest setUp" time="34.747">
    <failure type="org.openqa.selenium.SessionNotCreatedException" message="Could not start a new session. Response code 500. Message: An unknown server-side error occurred while processing the command. Original error: Could not find a connected Android device in 20000ms 
Host info: host: &amp;apos;DESKTOP-KJ197RR&amp;apos;, ip: &amp;apos;192.168.137.1&amp;apos;
Build info: version: &amp;apos;4.29.0&amp;apos;, revision: &amp;apos;5fc1ec94cb&amp;apos;
System info: os.name: &amp;apos;Windows 10&amp;apos;, os.arch: &amp;apos;amd64&amp;apos;, os.version: &amp;apos;10.0&amp;apos;, java.version: &amp;apos;23.0.1&amp;apos;
Driver info: io.appium.java_client.android.AndroidDriver
Command: [null, newSession {capabilities=[Capabilities {appium:appActivity: .MainActivity, appium:appPackage: com.totalfoods, appium:automationName: UiAutomator2, appium:deviceName: Pixel 6a, platformName: ANDROID}]}]
Capabilities {appium:appActivity: .MainActivity, appium:appPackage: com.totalfoods, appium:automationName: UiAutomator2, appium:deviceName: Pixel 6a, platformName: ANDROID}">
      <![CDATA[org.openqa.selenium.SessionNotCreatedException: Could not start a new session. Response code 500. Message: An unknown server-side error occurred while processing the command. Original error: Could not find a connected Android device in 20000ms 
Host info: host: 'DESKTOP-KJ197RR', ip: '192.168.137.1'
Build info: version: '4.29.0', revision: '5fc1ec94cb'
System info: os.name: 'Windows 10', os.arch: 'amd64', os.version: '10.0', java.version: '23.0.1'
Driver info: io.appium.java_client.android.AndroidDriver
Command: [null, newSession {capabilities=[Capabilities {appium:appActivity: .MainActivity, appium:appPackage: com.totalfoods, appium:automationName: UiAutomator2, appium:deviceName: Pixel 6a, platformName: ANDROID}]}]
Capabilities {appium:appActivity: .MainActivity, appium:appPackage: com.totalfoods, appium:automationName: UiAutomator2, appium:deviceName: Pixel 6a, platformName: ANDROID}
at org.openqa.selenium.remote.ProtocolHandshake.createSession(ProtocolHandshake.java:114)
at org.openqa.selenium.remote.ProtocolHandshake.createSession(ProtocolHandshake.java:75)
at org.openqa.selenium.remote.ProtocolHandshake.createSession(ProtocolHandshake.java:61)
at io.appium.java_client.remote.AppiumCommandExecutor.createSession(AppiumCommandExecutor.java:176)
at io.appium.java_client.remote.AppiumCommandExecutor.execute(AppiumCommandExecutor.java:237)
at org.openqa.selenium.remote.RemoteWebDriver.execute(RemoteWebDriver.java:545)
at io.appium.java_client.AppiumDriver.startSession(AppiumDriver.java:270)
at org.openqa.selenium.remote.RemoteWebDriver.<init>(RemoteWebDriver.java:174)
at io.appium.java_client.AppiumDriver.<init>(AppiumDriver.java:91)
at io.appium.java_client.AppiumDriver.<init>(AppiumDriver.java:103)
at io.appium.java_client.android.AndroidDriver.<init>(AndroidDriver.java:109)
at KetchAppTest.BaseTest.setUp(BaseTest.java:45)
at java.base/jdk.internal.reflect.DirectMethodHandleAccessor.invoke(DirectMethodHandleAccessor.java:103)
at java.base/java.lang.reflect.Method.invoke(Method.java:580)
at org.testng.internal.invokers.MethodInvocationHelper.invokeMethod(MethodInvocationHelper.java:139)
at org.testng.internal.invokers.MethodInvocationHelper.invokeMethodConsideringTimeout(MethodInvocationHelper.java:69)
at org.testng.internal.invokers.ConfigInvoker.invokeConfigurationMethod(ConfigInvoker.java:361)
at org.testng.internal.invokers.ConfigInvoker.invokeConfigurations(ConfigInvoker.java:296)
at org.testng.TestRunner.invokeTestConfigurations(TestRunner.java:644)
at org.testng.TestRunner.beforeRun(TestRunner.java:633)
at org.testng.TestRunner.run(TestRunner.java:595)
at org.testng.SuiteRunner.runTest(SuiteRunner.java:437)
at org.testng.SuiteRunner.runSequentially(SuiteRunner.java:431)
at org.testng.SuiteRunner.privateRun(SuiteRunner.java:391)
at org.testng.SuiteRunner.run(SuiteRunner.java:330)
at org.testng.SuiteRunnerWorker.runSuite(SuiteRunnerWorker.java:52)
at org.testng.SuiteRunnerWorker.run(SuiteRunnerWorker.java:95)
at org.testng.TestNG.runSuitesSequentially(TestNG.java:1256)
at org.testng.TestNG.runSuitesLocally(TestNG.java:1176)
at org.testng.TestNG.runSuites(TestNG.java:1099)
at org.testng.TestNG.run(TestNG.java:1067)
at org.testng.remote.AbstractRemoteTestNG.run(AbstractRemoteTestNG.java:115)
at org.testng.remote.RemoteTestNG.initAndRun(RemoteTestNG.java:293)
at org.testng.remote.RemoteTestNG.main(RemoteTestNG.java:91)
]]>
    </failure>
  </testcase> <!-- @BeforeTest setUp -->
  <testcase classname="KetchAppTest.BaseTest" name="@AfterTest tearDown" time="0.0">
    <skipped/>
  </testcase> <!-- @AfterTest tearDown -->
  <testcase classname="TotalFoods.FirstTest" name="demo" time="0.0">
    <skipped/>
  </testcase> <!-- demo -->
</testsuite> <!-- Default test -->
