<?xml version="1.0" encoding="UTF-8"?>
<testsuite xmlns:xsi="http://www.w3.org/2001/XMLSchema-instance" xsi:noNamespaceSchemaLocation="https://maven.apache.org/surefire/maven-surefire-plugin/xsd/surefire-test-report.xsd" version="3.0.1" name="TestSuite" time="93.398" tests="1" errors="0" skipped="0" failures="1">
  <properties>
[...]
</properties>
  <testcase name="addToCart" classname="KetchAppTest.AddToCartTest" time="73.436">
    <failure message="Expected condition failed: waiting for visibility of element located by AppiumBy.accessibilityId: 0ADD TO CART (tried for 30 second(s) with 500 milliseconds interval)&#10;Build info: version: &apos;4.28.1&apos;, revision: &apos;73f5ad48a2&apos;&#10;System info: os.name: &apos;Windows 10&apos;, os.arch: &apos;amd64&apos;, os.version: &apos;10.0&apos;, java.version: &apos;23.0.1&apos;&#10;Driver info: io.appium.java_client.android.AndroidDriver&#10;Capabilities {appium:appActivity: .MainActivity, appium:appPackage: com.ketchapp, appium:automationName: UiAutomator2, appium:databaseEnabled: false, appium:desired: {appActivity: .MainActivity, appPackage: com.ketchapp, automationName: UiAutomator2, deviceName: Pixel 6a, platformName: ANDROID}, appium:deviceApiLevel: 35, appium:deviceManufacturer: Google, appium:deviceModel: sdk_gphone64_x86_64, appium:deviceName: emulator-5554, appium:deviceScreenDensity: 420, appium:deviceScreenSize: 1080x2400, appium:deviceUDID: emulator-5554, appium:javascriptEnabled: true, appium:locationContextEnabled: false, appium:networkConnectionEnabled: true, appium:pixelRatio: 2.625, appium:platformVersion: 15, appium:statBarHeight: 132, appium:takesScreenshot: true, appium:viewportRect: {height: 2268, left: 0, top: 132, width: 1080}, appium:warnings: {}, appium:webStorageEnabled: false, platformName: ANDROID}&#10;Session ID: 206e5dd8-e05f-4e20-a5cd-137397744e6a" type="org.openqa.selenium.TimeoutException"><![CDATA[org.openqa.selenium.TimeoutException: 
Expected condition failed: waiting for visibility of element located by AppiumBy.accessibilityId: 0ADD TO CART (tried for 30 second(s) with 500 milliseconds interval)
Build info: version: '4.28.1', revision: '73f5ad48a2'
System info: os.name: 'Windows 10', os.arch: 'amd64', os.version: '10.0', java.version: '23.0.1'
Driver info: io.appium.java_client.android.AndroidDriver
Capabilities {appium:appActivity: .MainActivity, appium:appPackage: com.ketchapp, appium:automationName: UiAutomator2, appium:databaseEnabled: false, appium:desired: {appActivity: .MainActivity, appPackage: com.ketchapp, automationName: UiAutomator2, deviceName: Pixel 6a, platformName: ANDROID}, appium:deviceApiLevel: 35, appium:deviceManufacturer: Google, appium:deviceModel: sdk_gphone64_x86_64, appium:deviceName: emulator-5554, appium:deviceScreenDensity: 420, appium:deviceScreenSize: 1080x2400, appium:deviceUDID: emulator-5554, appium:javascriptEnabled: true, appium:locationContextEnabled: false, appium:networkConnectionEnabled: true, appium:pixelRatio: 2.625, appium:platformVersion: 15, appium:statBarHeight: 132, appium:takesScreenshot: true, appium:viewportRect: {height: 2268, left: 0, top: 132, width: 1080}, appium:warnings: {}, appium:webStorageEnabled: false, platformName: ANDROID}
Session ID: 206e5dd8-e05f-4e20-a5cd-137397744e6a
	at org.openqa.selenium.support.ui.WebDriverWait.timeoutException(WebDriverWait.java:84)
	at org.openqa.selenium.support.ui.FluentWait.until(FluentWait.java:228)
	at KetchAppTest.AddToCartTest.addToCart(AddToCartTest.java:24)
	at java.base/jdk.internal.reflect.DirectMethodHandleAccessor.invoke(DirectMethodHandleAccessor.java:103)
	at java.base/java.lang.reflect.Method.invoke(Method.java:580)
	at org.testng.internal.invokers.MethodInvocationHelper.invokeMethod(MethodInvocationHelper.java:139)
	at org.testng.internal.invokers.TestInvoker.invokeMethod(TestInvoker.java:677)
	at org.testng.internal.invokers.TestInvoker.invokeTestMethod(TestInvoker.java:221)
	at org.testng.internal.invokers.MethodRunner.runInSequence(MethodRunner.java:50)
	at org.testng.internal.invokers.TestInvoker$MethodInvocationAgent.invoke(TestInvoker.java:969)
	at org.testng.internal.invokers.TestInvoker.invokeTestMethods(TestInvoker.java:194)
	at org.testng.internal.invokers.TestMethodWorker.invokeTestMethods(TestMethodWorker.java:148)
	at org.testng.internal.invokers.TestMethodWorker.run(TestMethodWorker.java:128)
	at java.base/java.util.ArrayList.forEach(ArrayList.java:1597)
	at org.testng.TestRunner.privateRun(TestRunner.java:829)
	at org.testng.TestRunner.run(TestRunner.java:602)
	at org.testng.SuiteRunner.runTest(SuiteRunner.java:437)
	at org.testng.SuiteRunner.runSequentially(SuiteRunner.java:431)
	at org.testng.SuiteRunner.privateRun(SuiteRunner.java:391)
	at org.testng.SuiteRunner.run(SuiteRunner.java:330)
	at org.testng.SuiteRunnerWorker.runSuite(SuiteRunnerWorker.java:52)
	at org.testng.SuiteRunnerWorker.run(SuiteRunnerWorker.java:95)
	at org.testng.TestNG.runSuitesSequentially(TestNG.java:1256)
	at org.testng.TestNG.runSuitesLocally(TestNG.java:1176)
	at org.testng.TestNG.runSuites(TestNG.java:1099)
	at org.testng.TestNG.run(TestNG.java:1067)
	at org.apache.maven.surefire.testng.TestNGExecutor.run(TestNGExecutor.java:308)
	at org.apache.maven.surefire.testng.TestNGXmlTestSuite.execute(TestNGXmlTestSuite.java:71)
	at org.apache.maven.surefire.testng.TestNGProvider.invoke(TestNGProvider.java:113)
	at org.apache.maven.surefire.booter.ForkedBooter.runSuitesInProcess(ForkedBooter.java:385)
	at org.apache.maven.surefire.booter.ForkedBooter.execute(ForkedBooter.java:162)
	at org.apache.maven.surefire.booter.ForkedBooter.run(ForkedBooter.java:507)
	at org.apache.maven.surefire.booter.ForkedBooter.main(ForkedBooter.java:495)
]]></failure>
    <system-out><![CDATA[&amp#27;[38;5;112m[Appium]&amp#27;[0m Welcome to Appium v2.15.0
&amp#27;[38;5;112m[Appium]&amp#27;[0m Non-default server args:
&amp#27;[38;5;112m[Appium]&amp#27;[0m { address: &amp#27;[32m'127.0.0.1'&amp#27;[39m }
&amp#27;[38;5;112m[Appium]&amp#27;[0m The autodetected Appium home path: C:\Users\admin\.appium
&amp#27;[38;5;112m[Appium]&amp#27;[0m Attempting to load driver uiautomator2...
&amp#27;[38;5;112m[Appium]&amp#27;[0m Requiring driver at C:\Users\admin\.appium\node_modules\appium-uiautomator2-driver\build\index.js
&amp#27;[38;5;112m[Appium]&amp#27;[0m AndroidUiautomator2Driver has been successfully loaded in 1.680s
&amp#27;[38;5;112m[Appium]&amp#27;[0m Appium REST http interface listener started on http://127.0.0.1:4723
&amp#27;[38;5;112m[Appium]&amp#27;[0m Available drivers:
&amp#27;[38;5;112m[Appium]&amp#27;[0m   - uiautomator2@4.0.1 (automationName 'UiAutomator2')
&amp#27;[38;5;112m[Appium]&amp#27;[0m No plugins have been installed. Use the "appium plugin" command to install the one(s) you want to use.
&amp#27;[38;5;86m[HTTP]&amp#27;[0m &amp#27;[37m-->&amp#27;[39m &amp#27;[37mGET&amp#27;[39m &amp#27;[37m/status&amp#27;[39m &amp#27;[90m{}&amp#27;[39m
&amp#27;[38;5;98m[AppiumDriver@6d73]&amp#27;[0m Calling AppiumDriver.getStatus() with args: []
&amp#27;[38;5;98m[AppiumDriver@6d73]&amp#27;[0m Responding to client with driver.getStatus() result: {"ready":true,"message":"The server is ready to accept new connections","build":{"version":"2.15.0"}}
&amp#27;[38;5;86m[HTTP]&amp#27;[0m &amp#27;[37m<-- GET /status &amp#27;[39m&amp#27;[32m200&amp#27;[39m &amp#27;[90m8 ms - 111&amp#27;[39m &amp#27;[90m&amp#27;[39m
&amp#27;[38;5;86m[HTTP]&amp#27;[0m Request idempotency key: a37125d7-46bb-46af-8195-6a6dba38faee
&amp#27;[38;5;86m[HTTP]&amp#27;[0m &amp#27;[37m-->&amp#27;[39m &amp#27;[37mPOST&amp#27;[39m &amp#27;[37m/session&amp#27;[39m &amp#27;[90m{"capabilities":{"firstMatch":[{"appium:appActivity":".MainActivity","appium:deviceName":"Pixel 6a","platformName":"ANDROID","appium:automationName":"UiAutomator2","appium:appPackage":"com.ketchapp"}]}}&amp#27;[39m
&amp#27;[38;5;98m[AppiumDriver@6d73]&amp#27;[0m Calling AppiumDriver.createSession() with args: [null,null,{"firstMatch":[{"appium:appActivity":".MainActivity","appium:deviceName":"Pixel 6a","platformName":"ANDROID","appium:automationName":"UiAutomator2","appium:appPackage":"com.ketchapp"}]}]
&amp#27;[38;5;98m[AppiumDriver@6d73]&amp#27;[0m Event 'newSessionRequested' logged at 1740035775726 (12:46:15 GMT+0530 (India Standard Time))
&amp#27;[38;5;112m[Appium]&amp#27;[0m Attempting to find matching driver for automationName 'UiAutomator2' and platformName 'ANDROID'
&amp#27;[38;5;112m[Appium]&amp#27;[0m The 'uiautomator2' driver was installed and matched caps.
&amp#27;[38;5;112m[Appium]&amp#27;[0m Will require it at C:\Users\admin\.appium\node_modules\appium-uiautomator2-driver
&amp#27;[38;5;112m[Appium]&amp#27;[0m Requiring driver at C:\Users\admin\.appium\node_modules\appium-uiautomator2-driver\build\index.js
&amp#27;[38;5;98m[AppiumDriver@6d73]&amp#27;[0m Appium v2.15.0 creating new AndroidUiautomator2Driver (v4.0.1) session
&amp#27;[38;5;98m[AppiumDriver@6d73]&amp#27;[0m Checking BaseDriver versions for Appium and AndroidUiautomator2Driver
&amp#27;[38;5;98m[AppiumDriver@6d73]&amp#27;[0m Appium's BaseDriver version is 9.15.0
&amp#27;[38;5;98m[AppiumDriver@6d73]&amp#27;[0m AndroidUiautomator2Driver's BaseDriver version is 9.15.0
&amp#27;[38;5;-45m[AndroidUiautomator2Driver@b0cc]&amp#27;[0m 
&amp#27;[38;5;-45m[AndroidUiautomator2Driver@b0cc]&amp#27;[0m Creating session with W3C capabilities: {
  "alwaysMatch": {
    "platformName": "ANDROID",
    "appium:appActivity": ".MainActivity",
    "appium:deviceName": "Pixel 6a",
    "appium:automationName": "UiAutomator2",
    "appium:appPackage": "com.ketchapp"
  },
  "firstMatch": [
    {}
  ]
}
&amp#27;[38;5;38m[206e5dd8]&amp#27;[0m&amp#27;[38;5;-45m[AndroidUiautomator2Driver@b0cc]&amp#27;[0m Session created with session id: 206e5dd8-e05f-4e20-a5cd-137397744e6a
&amp#27;[38;5;38m[206e5dd8]&amp#27;[0m&amp#27;[38;5;229m[ADB]&amp#27;[0m Found 2 'build-tools' folders under 'C:\Users\admin\AppData\Local\Android\Sdk' (newest first):
&amp#27;[38;5;38m[206e5dd8]&amp#27;[0m&amp#27;[38;5;229m[ADB]&amp#27;[0m     C:\Users\admin\AppData\Local\Android\Sdk\build-tools\35.0.0
&amp#27;[38;5;38m[206e5dd8]&amp#27;[0m&amp#27;[38;5;229m[ADB]&amp#27;[0m     C:\Users\admin\AppData\Local\Android\Sdk\build-tools\34.0.0
&amp#27;[38;5;38m[206e5dd8]&amp#27;[0m&amp#27;[38;5;229m[ADB]&amp#27;[0m Using 'adb.exe' from 'C:\Users\admin\AppData\Local\Android\Sdk\platform-tools\adb.exe'
&amp#27;[38;5;38m[206e5dd8]&amp#27;[0m&amp#27;[38;5;229m[ADB]&amp#27;[0m Running 'C:\Users\admin\AppData\Local\Android\Sdk\platform-tools\adb.exe -P 5037 start-server'
&amp#27;[38;5;38m[206e5dd8]&amp#27;[0m&amp#27;[38;5;-45m[AndroidUiautomator2Driver@b0cc]&amp#27;[0m Retrieving device list
&amp#27;[38;5;38m[206e5dd8]&amp#27;[0m&amp#27;[38;5;229m[ADB]&amp#27;[0m Trying to find connected Android devices
&amp#27;[38;5;38m[206e5dd8]&amp#27;[0m&amp#27;[38;5;229m[ADB]&amp#27;[0m Getting connected devices
&amp#27;[38;5;38m[206e5dd8]&amp#27;[0m&amp#27;[38;5;229m[ADB]&amp#27;[0m Connected devices: [{"udid":"emulator-5554","state":"device"}]
&amp#27;[38;5;38m[206e5dd8]&amp#27;[0m&amp#27;[38;5;-45m[AndroidUiautomator2Driver@b0cc]&amp#27;[0m Using device: emulator-5554
&amp#27;[38;5;38m[206e5dd8]&amp#27;[0m&amp#27;[38;5;229m[ADB]&amp#27;[0m Using 'adb.exe' from 'C:\Users\admin\AppData\Local\Android\Sdk\platform-tools\adb.exe'
&amp#27;[38;5;38m[206e5dd8]&amp#27;[0m&amp#27;[38;5;229m[ADB]&amp#27;[0m Running 'C:\Users\admin\AppData\Local\Android\Sdk\platform-tools\adb.exe -P 5037 start-server'
&amp#27;[38;5;38m[206e5dd8]&amp#27;[0m&amp#27;[38;5;229m[ADB]&amp#27;[0m Setting device id to emulator-5554
&amp#27;[38;5;38m[206e5dd8]&amp#27;[0m&amp#27;[38;5;-45m[AndroidUiautomator2Driver@b0cc]&amp#27;[0m Starting 'com.ketchapp' directly on the device
&amp#27;[38;5;38m[206e5dd8]&amp#27;[0m&amp#27;[38;5;229m[ADB]&amp#27;[0m Running 'C:\Users\admin\AppData\Local\Android\Sdk\platform-tools\adb.exe -P 5037 -s emulator-5554 shell getprop ro.build.version.sdk'
&amp#27;[38;5;38m[206e5dd8]&amp#27;[0m&amp#27;[38;5;229m[ADB]&amp#27;[0m Current device property 'ro.build.version.sdk': 35
&amp#27;[38;5;38m[206e5dd8]&amp#27;[0m&amp#27;[38;5;229m[ADB]&amp#27;[0m Getting device platform version
&amp#27;[38;5;38m[206e5dd8]&amp#27;[0m&amp#27;[38;5;229m[ADB]&amp#27;[0m Running 'C:\Users\admin\AppData\Local\Android\Sdk\platform-tools\adb.exe -P 5037 -s emulator-5554 shell getprop ro.build.version.release'
&amp#27;[38;5;38m[206e5dd8]&amp#27;[0m&amp#27;[38;5;229m[ADB]&amp#27;[0m Current device property 'ro.build.version.release': 15
&amp#27;[38;5;38m[206e5dd8]&amp#27;[0m&amp#27;[38;5;229m[ADB]&amp#27;[0m Device API level: 35
&amp#27;[38;5;38m[206e5dd8]&amp#27;[0m&amp#27;[38;5;-45m[AndroidUiautomator2Driver@b0cc]&amp#27;[0m Relaxing hidden api policy
&amp#27;[38;5;38m[206e5dd8]&amp#27;[0m&amp#27;[38;5;229m[ADB]&amp#27;[0m Running 'C:\Users\admin\AppData\Local\Android\Sdk\platform-tools\adb.exe -P 5037 -s emulator-5554 shell 'settings put global hidden_api_policy_pre_p_apps 1;settings put global hidden_api_policy_p_apps 1;settings put global hidden_api_policy 1''
&amp#27;[38;5;38m[206e5dd8]&amp#27;[0m&amp#27;[38;5;229m[ADB]&amp#27;[0m Running 'C:\Users\admin\AppData\Local\Android\Sdk\platform-tools\adb.exe -P 5037 -s emulator-5554 wait-for-device'
&amp#27;[38;5;38m[206e5dd8]&amp#27;[0m&amp#27;[38;5;229m[ADB]&amp#27;[0m Running 'C:\Users\admin\AppData\Local\Android\Sdk\platform-tools\adb.exe -P 5037 -s emulator-5554 shell echo ping'
&amp#27;[38;5;38m[206e5dd8]&amp#27;[0m&amp#27;[38;5;-45m[AndroidUiautomator2Driver@b0cc]&amp#27;[0m Pushing settings apk to the device...
&amp#27;[38;5;38m[206e5dd8]&amp#27;[0m&amp#27;[38;5;229m[ADB]&amp#27;[0m Getting package info for 'io.appium.settings'
&amp#27;[38;5;38m[206e5dd8]&amp#27;[0m&amp#27;[38;5;229m[ADB]&amp#27;[0m Running 'C:\Users\admin\AppData\Local\Android\Sdk\platform-tools\adb.exe -P 5037 -s emulator-5554 shell dumpsys package io.appium.settings'
&amp#27;[38;5;38m[206e5dd8]&amp#27;[0m&amp#27;[38;5;229m[ADB]&amp#27;[0m Using 'aapt2.exe' from 'C:\Users\admin\AppData\Local\Android\Sdk\build-tools\35.0.0\aapt2.exe'
&amp#27;[38;5;38m[206e5dd8]&amp#27;[0m&amp#27;[38;5;229m[ADB]&amp#27;[0m Reading package manifest: 'C:\\Users\\admin\\AppData\\Local\\Android\\Sdk\\build-tools\\35.0.0\\aapt2.exe dump badging C:\\Users\\admin\\.appium\\node_modules\\appium-uiautomator2-driver\\node_modules\\io.appium.settings\\apks\\settings_apk-debug.apk'
&amp#27;[38;5;38m[206e5dd8]&amp#27;[0m&amp#27;[38;5;229m[ADB]&amp#27;[0m The version name of the installed 'io.appium.settings' is greater or equal to the application version name ('5.12.22' >= '5.12.22')
&amp#27;[38;5;38m[206e5dd8]&amp#27;[0m&amp#27;[38;5;229m[ADB]&amp#27;[0m There is no need to install/upgrade 'C:\Users\admin\.appium\node_modules\appium-uiautomator2-driver\node_modules\io.appium.settings\apks\settings_apk-debug.apk'
&amp#27;[38;5;38m[206e5dd8]&amp#27;[0m&amp#27;[38;5;229m[ADB]&amp#27;[0m Running 'C:\Users\admin\AppData\Local\Android\Sdk\platform-tools\adb.exe -P 5037 -s emulator-5554 shell dumpsys activity services io.appium.settings'
&amp#27;[38;5;38m[206e5dd8]&amp#27;[0m&amp#27;[38;5;-45m[AndroidUiautomator2Driver@b0cc]&amp#27;[0m io.appium.settings is already running. There is no need to reset its permissions.
&amp#27;[38;5;38m[206e5dd8]&amp#27;[0m&amp#27;[38;5;160m[Logcat]&amp#27;[0m Starting logs capture with command: C:\\Users\\admin\\AppData\\Local\\Android\\Sdk\\platform-tools\\adb.exe -P 5037 -s emulator-5554 logcat -v threadtime
&amp#27;[38;5;38m[206e5dd8]&amp#27;[0m&amp#27;[38;5;-45m[AndroidUiautomator2Driver@b0cc]&amp#27;[0m Forwarding UiAutomator2 Server port 6790 to local port 8201
&amp#27;[38;5;38m[206e5dd8]&amp#27;[0m&amp#27;[38;5;229m[ADB]&amp#27;[0m Forwarding system: 8201 to device: 6790
&amp#27;[38;5;38m[206e5dd8]&amp#27;[0m&amp#27;[38;5;229m[ADB]&amp#27;[0m Running 'C:\Users\admin\AppData\Local\Android\Sdk\platform-tools\adb.exe -P 5037 -s emulator-5554 forward tcp:8201 tcp:6790'
&amp#27;[38;5;38m[206e5dd8]&amp#27;[0m&amp#27;[38;5;229m[ADB]&amp#27;[0m Getting package info for 'io.appium.uiautomator2.server'
&amp#27;[38;5;38m[206e5dd8]&amp#27;[0m&amp#27;[38;5;229m[ADB]&amp#27;[0m Running 'C:\Users\admin\AppData\Local\Android\Sdk\platform-tools\adb.exe -P 5037 -s emulator-5554 shell dumpsys package io.appium.uiautomator2.server'
&amp#27;[38;5;38m[206e5dd8]&amp#27;[0m&amp#27;[38;5;229m[ADB]&amp#27;[0m Getting install status for io.appium.uiautomator2.server.test
&amp#27;[38;5;38m[206e5dd8]&amp#27;[0m&amp#27;[38;5;-45m[AndroidUiautomator2Driver@b0cc]&amp#27;[0m No app capability. Assuming it is already on the device
&amp#27;[38;5;38m[206e5dd8]&amp#27;[0m&amp#27;[38;5;229m[ADB]&amp#27;[0m Getting install status for com.ketchapp
&amp#27;[38;5;38m[206e5dd8]&amp#27;[0m&amp#27;[38;5;229m[ADB]&amp#27;[0m Running 'C:\Users\admin\AppData\Local\Android\Sdk\platform-tools\adb.exe -P 5037 -s emulator-5554 shell cmd package list packages'
&amp#27;[38;5;38m[206e5dd8]&amp#27;[0m&amp#27;[38;5;229m[ADB]&amp#27;[0m Running 'C:\Users\admin\AppData\Local\Android\Sdk\platform-tools\adb.exe -P 5037 -s emulator-5554 shell cmd package list packages'
&amp#27;[38;5;38m[206e5dd8]&amp#27;[0m&amp#27;[38;5;229m[ADB]&amp#27;[0m Reading package manifest: 'C:\\Users\\admin\\AppData\\Local\\Android\\Sdk\\build-tools\\35.0.0\\aapt2.exe dump badging C:\\Users\\admin\\.appium\\node_modules\\appium-uiautomator2-driver\\node_modules\\appium-uiautomator2-server\\apks\\appium-uiautomator2-server-v7.2.3.apk'
&amp#27;[38;5;38m[206e5dd8]&amp#27;[0m&amp#27;[38;5;229m[ADB]&amp#27;[0m 'io.appium.uiautomator2.server.test' is installed
&amp#27;[38;5;38m[206e5dd8]&amp#27;[0m&amp#27;[38;5;229m[ADB]&amp#27;[0m 'com.ketchapp' is installed
&amp#27;[38;5;38m[206e5dd8]&amp#27;[0m&amp#27;[38;5;229m[ADB]&amp#27;[0m Running 'C:\Users\admin\AppData\Local\Android\Sdk\platform-tools\adb.exe -P 5037 -s emulator-5554 shell am force-stop com.ketchapp'
&amp#27;[38;5;38m[206e5dd8]&amp#27;[0m&amp#27;[38;5;229m[ADB]&amp#27;[0m The version name of the installed 'io.appium.uiautomator2.server' is greater or equal to the application version name ('7.2.3' >= '7.2.3')
&amp#27;[38;5;38m[206e5dd8]&amp#27;[0m&amp#27;[38;5;-45m[AndroidUiautomator2Driver@b0cc]&amp#27;[0m Server packages status: [{"installState":"sameVersionInstalled","appPath":"C:\\Users\\admin\\.appium\\node_modules\\appium-uiautomator2-driver\\node_modules\\appium-uiautomator2-server\\apks\\appium-uiautomator2-server-v7.2.3.apk","appId":"io.appium.uiautomator2.server"},{"installState":"sameVersionInstalled","appPath":"C:\\Users\\admin\\.appium\\node_modules\\appium-uiautomator2-driver\\node_modules\\appium-uiautomator2-server\\apks\\appium-uiautomator2-server-debug-androidTest.apk","appId":"io.appium.uiautomator2.server.test"}]
&amp#27;[38;5;38m[206e5dd8]&amp#27;[0m&amp#27;[38;5;-45m[AndroidUiautomator2Driver@b0cc]&amp#27;[0m Server packages are not going to be (re)installed
&amp#27;[38;5;38m[206e5dd8]&amp#27;[0m&amp#27;[38;5;-45m[AndroidUiautomator2Driver@b0cc]&amp#27;[0m Waiting up to 30000ms for services to be available
&amp#27;[38;5;38m[206e5dd8]&amp#27;[0m&amp#27;[38;5;229m[ADB]&amp#27;[0m Running 'C:\Users\admin\AppData\Local\Android\Sdk\platform-tools\adb.exe -P 5037 -s emulator-5554 shell pm list instrumentation'
&amp#27;[38;5;38m[206e5dd8]&amp#27;[0m&amp#27;[38;5;229m[ADB]&amp#27;[0m Running 'C:\Users\admin\AppData\Local\Android\Sdk\platform-tools\adb.exe -P 5037 -s emulator-5554 shell pm clear com.ketchapp'
&amp#27;[38;5;38m[206e5dd8]&amp#27;[0m&amp#27;[38;5;-45m[AndroidUiautomator2Driver@b0cc]&amp#27;[0m Instrumentation target 'io.appium.uiautomator2.server.test/androidx.test.runner.AndroidJUnitRunner' is available
&amp#27;[38;5;38m[206e5dd8]&amp#27;[0m&amp#27;[38;5;229m[ADB]&amp#27;[0m Adding packages ["io.appium.settings","io.appium.uiautomator2.server","io.appium.uiautomator2.server.test"] to Doze whitelist
&amp#27;[38;5;38m[206e5dd8]&amp#27;[0m&amp#27;[38;5;229m[ADB]&amp#27;[0m Got the following command chunks to execute: [["dumpsys","deviceidle","whitelist","+io.appium.settings",";","dumpsys","deviceidle","whitelist","+io.appium.uiautomator2.server",";","dumpsys","deviceidle","whitelist","+io.appium.uiautomator2.server.test",";"]]
&amp#27;[38;5;38m[206e5dd8]&amp#27;[0m&amp#27;[38;5;229m[ADB]&amp#27;[0m Running 'C:\Users\admin\AppData\Local\Android\Sdk\platform-tools\adb.exe -P 5037 -s emulator-5554 shell dumpsys deviceidle whitelist +io.appium.settings ; dumpsys deviceidle whitelist +io.appium.uiautomator2.server ; dumpsys deviceidle whitelist +io.appium.uiautomator2.server.test ;'
&amp#27;[38;5;38m[206e5dd8]&amp#27;[0m&amp#27;[38;5;-45m[AndroidUiautomator2Driver@b0cc]&amp#27;[0m Performed fast reset on the installed 'com.ketchapp' application (stop and clear)
&amp#27;[38;5;38m[206e5dd8]&amp#27;[0m&amp#27;[38;5;-45m[AndroidUiautomator2Driver@b0cc]&amp#27;[0m Performing shallow cleanup of automation leftovers
&amp#27;[38;5;38m[206e5dd8]&amp#27;[0m&amp#27;[38;5;-45m[AndroidUiautomator2Driver@b0cc]&amp#27;[0m The following obsolete sessions are still running: ["22597227-7315-49de-9006-e0eaf0b3a0b0"]
&amp#27;[38;5;38m[206e5dd8]&amp#27;[0m&amp#27;[38;5;-45m[AndroidUiautomator2Driver@b0cc]&amp#27;[0m Cleaning up 1 obsolete session
&amp#27;[38;5;38m[206e5dd8]&amp#27;[0m&amp#27;[38;5;229m[ADB]&amp#27;[0m Running 'C:\Users\admin\AppData\Local\Android\Sdk\platform-tools\adb.exe -P 5037 -s emulator-5554 shell am force-stop io.appium.uiautomator2.server'
&amp#27;[38;5;38m[206e5dd8]&amp#27;[0m&amp#27;[38;5;229m[ADB]&amp#27;[0m Running 'C:\Users\admin\AppData\Local\Android\Sdk\platform-tools\adb.exe -P 5037 -s emulator-5554 shell am force-stop io.appium.uiautomator2.server.test'
&amp#27;[38;5;38m[206e5dd8]&amp#27;[0m&amp#27;[38;5;-45m[AndroidUiautomator2Driver@b0cc]&amp#27;[0m Starting UIAutomator2 server 7.2.3
&amp#27;[38;5;38m[206e5dd8]&amp#27;[0m&amp#27;[38;5;-45m[AndroidUiautomator2Driver@b0cc]&amp#27;[0m Using UIAutomator2 server from 'C:\Users\admin\.appium\node_modules\appium-uiautomator2-driver\node_modules\appium-uiautomator2-server\apks\appium-uiautomator2-server-v7.2.3.apk' and test from 'C:\Users\admin\.appium\node_modules\appium-uiautomator2-driver\node_modules\appium-uiautomator2-server\apks\appium-uiautomator2-server-debug-androidTest.apk'
&amp#27;[38;5;38m[206e5dd8]&amp#27;[0m&amp#27;[38;5;-45m[AndroidUiautomator2Driver@b0cc]&amp#27;[0m Waiting up to 30000ms for UiAutomator2 to be online...
&amp#27;[38;5;38m[206e5dd8]&amp#27;[0m&amp#27;[38;5;229m[ADB]&amp#27;[0m Creating ADB subprocess with args: ["-P","5037","-s","emulator-5554","shell","am","instrument","-w","-e","disableAnalytics","true","io.appium.uiautomator2.server.test/androidx.test.runner.AndroidJUnitRunner"]
&amp#27;[38;5;38m[206e5dd8]&amp#27;[0m&amp#27;[38;5;-45m[AndroidUiautomator2Driver@b0cc]&amp#27;[0m Matched '/status' to command name 'getStatus'
&amp#27;[38;5;38m[206e5dd8]&amp#27;[0m&amp#27;[38;5;-45m[AndroidUiautomator2Driver@b0cc]&amp#27;[0m Proxying [GET /status] to [GET http://127.0.0.1:8201/status] with no body
&amp#27;[38;5;38m[206e5dd8]&amp#27;[0m&amp#27;[38;5;-45m[AndroidUiautomator2Driver@b0cc]&amp#27;[0m socket hang up
&amp#27;[38;5;38m[206e5dd8]&amp#27;[0m&amp#27;[38;5;-45m[AndroidUiautomator2Driver@b0cc]&amp#27;[0m Matched '/status' to command name 'getStatus'
&amp#27;[38;5;38m[206e5dd8]&amp#27;[0m&amp#27;[38;5;-45m[AndroidUiautomator2Driver@b0cc]&amp#27;[0m Proxying [GET /status] to [GET http://127.0.0.1:8201/status] with no body
&amp#27;[38;5;38m[206e5dd8]&amp#27;[0m&amp#27;[38;5;-45m[AndroidUiautomator2Driver@b0cc]&amp#27;[0m socket hang up
&amp#27;[38;5;38m[206e5dd8]&amp#27;[0m&amp#27;[38;5;-45m[AndroidUiautomator2Driver@b0cc]&amp#27;[0m [Instrumentation] 
&amp#27;[38;5;38m[206e5dd8]&amp#27;[0m&amp#27;[38;5;-45m[AndroidUiautomator2Driver@b0cc]&amp#27;[0m Matched '/status' to command name 'getStatus'
&amp#27;[38;5;38m[206e5dd8]&amp#27;[0m&amp#27;[38;5;-45m[AndroidUiautomator2Driver@b0cc]&amp#27;[0m Proxying [GET /status] to [GET http://127.0.0.1:8201/status] with no body
&amp#27;[38;5;38m[206e5dd8]&amp#27;[0m&amp#27;[38;5;-45m[AndroidUiautomator2Driver@b0cc]&amp#27;[0m socket hang up
&amp#27;[38;5;38m[206e5dd8]&amp#27;[0m&amp#27;[38;5;-45m[AndroidUiautomator2Driver@b0cc]&amp#27;[0m Matched '/status' to command name 'getStatus'
&amp#27;[38;5;38m[206e5dd8]&amp#27;[0m&amp#27;[38;5;-45m[AndroidUiautomator2Driver@b0cc]&amp#27;[0m Proxying [GET /status] to [GET http://127.0.0.1:8201/status] with no body
&amp#27;[38;5;38m[206e5dd8]&amp#27;[0m&amp#27;[38;5;-45m[AndroidUiautomator2Driver@b0cc]&amp#27;[0m socket hang up
&amp#27;[38;5;38m[206e5dd8]&amp#27;[0m&amp#27;[38;5;-45m[AndroidUiautomator2Driver@b0cc]&amp#27;[0m Matched '/status' to command name 'getStatus'
&amp#27;[38;5;38m[206e5dd8]&amp#27;[0m&amp#27;[38;5;-45m[AndroidUiautomator2Driver@b0cc]&amp#27;[0m Proxying [GET /status] to [GET http://127.0.0.1:8201/status] with no body
&amp#27;[38;5;38m[206e5dd8]&amp#27;[0m&amp#27;[38;5;-45m[AndroidUiautomator2Driver@b0cc]&amp#27;[0m Got response with status 200: {"sessionId":"None","value":{"message":"UiAutomator2 Server is ready to accept commands","ready":true}}
&amp#27;[38;5;38m[206e5dd8]&amp#27;[0m&amp#27;[38;5;-45m[AndroidUiautomator2Driver@b0cc]&amp#27;[0m The initialization of the instrumentation process took 4519ms
&amp#27;[38;5;38m[206e5dd8]&amp#27;[0m&amp#27;[38;5;-45m[AndroidUiautomator2Driver@b0cc]&amp#27;[0m Matched '/session' to command name 'createSession'
&amp#27;[38;5;38m[206e5dd8]&amp#27;[0m&amp#27;[38;5;-45m[AndroidUiautomator2Driver@b0cc]&amp#27;[0m Proxying [POST /session] to [POST http://127.0.0.1:8201/session] with body: {"capabilities":{"firstMatch":[{"platformName":"ANDROID","appActivity":".MainActivity","deviceName":"emulator-5554","automationName":"UiAutomator2","appPackage":"com.ketchapp","platform":"LINUX","webStorageEnabled":false,"takesScreenshot":true,"javascriptEnabled":true,"databaseEnabled":false,"networkConnectionEnabled":true,"locationContextEnabled":false,"warnings":{},"desired":{"platformName":"ANDROID","appActivity":".MainActivity","deviceName":"Pixel 6a","automationName":"UiAutomator2","appPackage":"com.ketchapp"},"deviceUDID":"emulator-5554"}],"alwaysMatch":{}}}
&amp#27;[38;5;38m[206e5dd8]&amp#27;[0m&amp#27;[38;5;-45m[AndroidUiautomator2Driver@b0cc]&amp#27;[0m Got response with status 200: {"sessionId":"310ded7c-6b95-4d54-95d3-26f66dd3c642","value":{"capabilities":{"firstMatch":[{"platformName":"ANDROID","appActivity":".MainActivity","deviceName":"emulator-5554","automationName":"UiAutomator2","appPackage":"com.ketchapp","platform":"LINUX","webStorageEnabled":false,"takesScreenshot":true,"javascriptEnabled":true,"databaseEnabled":false,"networkConnectionEnabled":true,"locationContextEnabled":false,"warnings":{},"desired":{"platformName":"ANDROID","appActivity":".MainActivity","deviceName":"Pixel 6a","automationName":"UiAutomator2","appPackage":"com.ketchapp"},"deviceUDID":"emulator-5554"}],"alwaysMatch":{}},"sessionId":"310ded7c-6b95-4d54-95d3-26f66dd3c642"}}
&amp#27;[38;5;38m[206e5dd8]&amp#27;[0m&amp#27;[38;5;-45m[AndroidUiautomator2Driver@b0cc]&amp#27;[0m Determined the downstream protocol as 'W3C'
&amp#27;[38;5;38m[206e5dd8]&amp#27;[0m&amp#27;[38;5;-45m[AndroidUiautomator2Driver@b0cc]&amp#27;[0m Proxying [GET /appium/device/pixel_ratio] to [GET http://127.0.0.1:8201/session/310ded7c-6b95-4d54-95d3-26f66dd3c642/appium/device/pixel_ratio] with no body
&amp#27;[38;5;38m[206e5dd8]&amp#27;[0m&amp#27;[38;5;-45m[AndroidUiautomator2Driver@b0cc]&amp#27;[0m Matched '/appium/device/system_bars' to command name 'getSystemBars'
&amp#27;[38;5;38m[206e5dd8]&amp#27;[0m&amp#27;[38;5;-45m[AndroidUiautomator2Driver@b0cc]&amp#27;[0m Proxying [GET /appium/device/system_bars] to [GET http://127.0.0.1:8201/session/310ded7c-6b95-4d54-95d3-26f66dd3c642/appium/device/system_bars] with no body
&amp#27;[38;5;38m[206e5dd8]&amp#27;[0m&amp#27;[38;5;-45m[AndroidUiautomator2Driver@b0cc]&amp#27;[0m Matched '/window/current/size' to command name 'getWindowSize'
&amp#27;[38;5;38m[206e5dd8]&amp#27;[0m&amp#27;[38;5;-45m[AndroidUiautomator2Driver@b0cc]&amp#27;[0m Proxying [GET /window/current/size] to [GET http://127.0.0.1:8201/session/310ded7c-6b95-4d54-95d3-26f66dd3c642/window/current/size] with no body
&amp#27;[38;5;38m[206e5dd8]&amp#27;[0m&amp#27;[38;5;-45m[AndroidUiautomator2Driver@b0cc]&amp#27;[0m Proxying [GET /appium/device/info] to [GET http://127.0.0.1:8201/session/310ded7c-6b95-4d54-95d3-26f66dd3c642/appium/device/info] with no body
&amp#27;[38;5;38m[206e5dd8]&amp#27;[0m&amp#27;[38;5;229m[ADB]&amp#27;[0m Running 'C:\Users\admin\AppData\Local\Android\Sdk\platform-tools\adb.exe -P 5037 -s emulator-5554 shell dumpsys window'
&amp#27;[38;5;38m[206e5dd8]&amp#27;[0m&amp#27;[38;5;229m[ADB]&amp#27;[0m Running 'C:\Users\admin\AppData\Local\Android\Sdk\platform-tools\adb.exe -P 5037 -s emulator-5554 shell dumpsys power'
&amp#27;[38;5;38m[206e5dd8]&amp#27;[0m&amp#27;[38;5;-45m[AndroidUiautomator2Driver@b0cc]&amp#27;[0m Got response with status 200: {"sessionId":"310ded7c-6b95-4d54-95d3-26f66dd3c642","value":2.625}
&amp#27;[38;5;38m[206e5dd8]&amp#27;[0m&amp#27;[38;5;-45m[AndroidUiautomator2Driver@b0cc]&amp#27;[0m Got response with status 200: {"sessionId":"310ded7c-6b95-4d54-95d3-26f66dd3c642","value":{"statusBar":132}}
&amp#27;[38;5;38m[206e5dd8]&amp#27;[0m&amp#27;[38;5;-45m[AndroidUiautomator2Driver@b0cc]&amp#27;[0m Got response with status 200: {"sessionId":"310ded7c-6b95-4d54-95d3-26f66dd3c642","value":{"height":2400,"width":1080}}
&amp#27;[38;5;38m[206e5dd8]&amp#27;[0m&amp#27;[38;5;-45m[AndroidUiautomator2Driver@b0cc]&amp#27;[0m Got response with status 200: {"sessionId":"310ded7c-6b95-4d54-95d3-26f66dd3c642","value":{"androidId":"21288135a6d25d98","apiVersion":"35","bluetooth":{"state":"ON"},"brand":"google","carrierName":"T-Mobile","displayDensity":420,"locale":"en_US","manufacturer":"Google","model":"sdk_gphone64_x86_64","networks":[{"capabilities":{"SSID":null,"linkDownBandwidthKbps":4300,"linkUpstreamBandwidthKbps":1800,"networkCapabilities":"NET_CAPABILITY_MMS,NET_CAPABILITY_SUPL,NET_CAPABILITY_IA,NET_CAPABILITY_XCAP,NET_CAPABILITY_INTERNET,NET_CAPABILITY_NOT_RESTRICTED,NET_CAPABILITY_TRUSTED,NET_CAPABILITY_NOT_VPN,NET_CAPABILITY_VALIDATED,NET_CAPABILITY_NOT_ROAMING,NET_CAPABILITY_NOT_CONGESTED,NET_CAPABILITY_NOT_SUSPENDED","signalStrength":-2147483648,"transportTypes":"TRANSPORT_CELLULAR"},"detailedState":"CONNECTED","extraInfo":"fast.t-mobile.com","isAvailable":true,"isConnected":true,"isFailover":false,"isRoaming":false,"state":"CONNECTED","subtype":10,"subtypeName":"HSPA","type":0,"typeName":"MOBILE"},{"capabilities":{"SSID":null,"linkDownBandwidthKb...
&amp#27;[38;5;38m[206e5dd8]&amp#27;[0m&amp#27;[38;5;-45m[AndroidUiautomator2Driver@b0cc]&amp#27;[0m Screen already unlocked, doing nothing
&amp#27;[38;5;38m[206e5dd8]&amp#27;[0m&amp#27;[38;5;-45m[AndroidUiautomator2Driver@b0cc]&amp#27;[0m Starting 'com.ketchapp/.MainActivity' and waiting for 'com.ketchapp/.MainActivity'
&amp#27;[38;5;38m[206e5dd8]&amp#27;[0m&amp#27;[38;5;229m[ADB]&amp#27;[0m Running 'C:\Users\admin\AppData\Local\Android\Sdk\platform-tools\adb.exe -P 5037 -s emulator-5554 shell am start-activity -W -n com.ketchapp/.MainActivity -S -a android.intent.action.MAIN -c android.intent.category.LAUNCHER -f 0x10200000'
&amp#27;[38;5;38m[206e5dd8]&amp#27;[0m&amp#27;[38;5;98m[AppiumDriver@6d73]&amp#27;[0m New AndroidUiautomator2Driver session created successfully, session 206e5dd8-e05f-4e20-a5cd-137397744e6a added to master session list
&amp#27;[38;5;38m[206e5dd8]&amp#27;[0m&amp#27;[38;5;98m[AppiumDriver@6d73]&amp#27;[0m Event 'newSessionStarted' logged at 1740035788529 (12:46:28 GMT+0530 (India Standard Time))
&amp#27;[38;5;38m[206e5dd8]&amp#27;[0m&amp#27;[38;5;-45m[AndroidUiautomator2Driver@b0cc]&amp#27;[0m Cached the protocol value 'W3C' for the new session 206e5dd8-e05f-4e20-a5cd-137397744e6a
&amp#27;[38;5;38m[206e5dd8]&amp#27;[0m&amp#27;[38;5;-45m[AndroidUiautomator2Driver@b0cc]&amp#27;[0m Responding to client with driver.createSession() result: {"capabilities":{"platformName":"ANDROID","appActivity":".MainActivity","deviceName":"emulator-5554","automationName":"UiAutomator2","appPackage":"com.ketchapp","platform":"LINUX","webStorageEnabled":false,"takesScreenshot":true,"javascriptEnabled":true,"databaseEnabled":false,"networkConnectionEnabled":true,"locationContextEnabled":false,"warnings":{},"desired":{"platformName":"ANDROID","appActivity":".MainActivity","deviceName":"Pixel 6a","automationName":"UiAutomator2","appPackage":"com.ketchapp"},"deviceUDID":"emulator-5554","pixelRatio":"2.625","statBarHeight":132,"viewportRect":{"left":0,"top":132,"width":1080,"height":2268},"deviceApiLevel":35,"platformVersion":"15","deviceManufacturer":"Google","deviceModel":"sdk_gphone64_x86_64","deviceScreenSize":"1080x2400","deviceScreenDensity":420}}
&amp#27;[38;5;38m[206e5dd8]&amp#27;[0m&amp#27;[38;5;86m[HTTP]&amp#27;[0m &amp#27;[37m<-- POST /session &amp#27;[39m&amp#27;[32m200&amp#27;[39m &amp#27;[90m12808 ms - 867&amp#27;[39m &amp#27;[90m&amp#27;[39m
&amp#27;[38;5;38m[206e5dd8]&amp#27;[0m&amp#27;[38;5;86m[HTTP]&amp#27;[0m &amp#27;[37m-->&amp#27;[39m &amp#27;[37mPOST&amp#27;[39m &amp#27;[37m/session/206e5dd8-e05f-4e20-a5cd-137397744e6a/element&amp#27;[39m &amp#27;[90m{"value":"//android.widget.Button[@resource-id=\"com.android.permissioncontroller:id/permission_allow_button\"]","using":"xpath"}&amp#27;[39m
&amp#27;[38;5;38m[206e5dd8]&amp#27;[0m&amp#27;[38;5;-45m[AndroidUiautomator2Driver@b0cc]&amp#27;[0m Calling AppiumDriver.findElement() with args: ["xpath","//android.widget.Button[@resource-id=\"com.android.permissioncontroller:id/permission_allow_button\"]","206e5dd8-e05f-4e20-a5cd-137397744e6a"]
&amp#27;[38;5;38m[206e5dd8]&amp#27;[0m&amp#27;[38;5;-45m[AndroidUiautomator2Driver@b0cc]&amp#27;[0m Valid locator strategies for this request: xpath, id, class name, accessibility id, css selector, -android uiautomator
&amp#27;[38;5;38m[206e5dd8]&amp#27;[0m&amp#27;[38;5;-45m[AndroidUiautomator2Driver@b0cc]&amp#27;[0m Waiting up to 0 ms for condition
&amp#27;[38;5;38m[206e5dd8]&amp#27;[0m&amp#27;[38;5;-45m[AndroidUiautomator2Driver@b0cc]&amp#27;[0m Matched '/element' to command name 'findElement'
&amp#27;[38;5;38m[206e5dd8]&amp#27;[0m&amp#27;[38;5;-45m[AndroidUiautomator2Driver@b0cc]&amp#27;[0m Proxying [POST /element] to [POST http://127.0.0.1:8201/session/310ded7c-6b95-4d54-95d3-26f66dd3c642/element] with body: {"strategy":"xpath","selector":"//android.widget.Button[@resource-id=\"com.android.permissioncontroller:id/permission_allow_button\"]","context":"","multiple":false}
&amp#27;[38;5;38m[206e5dd8]&amp#27;[0m&amp#27;[38;5;-45m[AndroidUiautomator2Driver@b0cc]&amp#27;[0m Got response with status 200: {"sessionId":"310ded7c-6b95-4d54-95d3-26f66dd3c642","value":{"ELEMENT":"00000000-0000-0180-ffff-ffff00000376","element-6066-11e4-a52e-4f735466cecf":"00000000-0000-0180-ffff-ffff00000376"}}
&amp#27;[38;5;38m[206e5dd8]&amp#27;[0m&amp#27;[38;5;-45m[AndroidUiautomator2Driver@b0cc]&amp#27;[0m Responding to client with driver.findElement() result: {"element-6066-11e4-a52e-4f735466cecf":"00000000-0000-0180-ffff-ffff00000376","ELEMENT":"00000000-0000-0180-ffff-ffff00000376"}
&amp#27;[38;5;38m[206e5dd8]&amp#27;[0m&amp#27;[38;5;86m[HTTP]&amp#27;[0m &amp#27;[37m<-- POST /session/206e5dd8-e05f-4e20-a5cd-137397744e6a/element &amp#27;[39m&amp#27;[32m200&amp#27;[39m &amp#27;[90m3601 ms - 137&amp#27;[39m &amp#27;[90m&amp#27;[39m
&amp#27;[38;5;38m[206e5dd8]&amp#27;[0m&amp#27;[38;5;86m[HTTP]&amp#27;[0m &amp#27;[37m-->&amp#27;[39m &amp#27;[37mPOST&amp#27;[39m &amp#27;[37m/session/206e5dd8-e05f-4e20-a5cd-137397744e6a/element/00000000-0000-0180-ffff-ffff00000376/click&amp#27;[39m &amp#27;[90m{"id":"00000000-0000-0180-ffff-ffff00000376"}&amp#27;[39m
&amp#27;[38;5;38m[206e5dd8]&amp#27;[0m&amp#27;[38;5;-45m[AndroidUiautomator2Driver@b0cc]&amp#27;[0m Calling AppiumDriver.click() with args: ["00000000-0000-0180-ffff-ffff00000376","206e5dd8-e05f-4e20-a5cd-137397744e6a"]
&amp#27;[38;5;38m[206e5dd8]&amp#27;[0m&amp#27;[38;5;-45m[AndroidUiautomator2Driver@b0cc]&amp#27;[0m Matched '/element/00000000-0000-0180-ffff-ffff00000376/click' to command name 'click'
&amp#27;[38;5;38m[206e5dd8]&amp#27;[0m&amp#27;[38;5;-45m[AndroidUiautomator2Driver@b0cc]&amp#27;[0m Proxying [POST /element/00000000-0000-0180-ffff-ffff00000376/click] to [POST http://127.0.0.1:8201/session/310ded7c-6b95-4d54-95d3-26f66dd3c642/element/00000000-0000-0180-ffff-ffff00000376/click] with body: {"element":"00000000-0000-0180-ffff-ffff00000376"}
&amp#27;[38;5;38m[206e5dd8]&amp#27;[0m&amp#27;[38;5;-45m[AndroidUiautomator2Driver@b0cc]&amp#27;[0m Got response with status 200: {"sessionId":"310ded7c-6b95-4d54-95d3-26f66dd3c642","value":null}
&amp#27;[38;5;38m[206e5dd8]&amp#27;[0m&amp#27;[38;5;-45m[AndroidUiautomator2Driver@b0cc]&amp#27;[0m Responding to client with driver.click() result: null
&amp#27;[38;5;38m[206e5dd8]&amp#27;[0m&amp#27;[38;5;86m[HTTP]&amp#27;[0m &amp#27;[37m<-- POST /session/206e5dd8-e05f-4e20-a5cd-137397744e6a/element/00000000-0000-0180-ffff-ffff00000376/click &amp#27;[39m&amp#27;[32m200&amp#27;[39m &amp#27;[90m144 ms - 14&amp#27;[39m &amp#27;[90m&amp#27;[39m
&amp#27;[38;5;38m[206e5dd8]&amp#27;[0m&amp#27;[38;5;86m[HTTP]&amp#27;[0m &amp#27;[37m-->&amp#27;[39m &amp#27;[37mPOST&amp#27;[39m &amp#27;[37m/session/206e5dd8-e05f-4e20-a5cd-137397744e6a/element&amp#27;[39m &amp#27;[90m{"value":"new UiSelector().className(\"android.widget.ImageView\").instance(17)","using":"-android uiautomator"}&amp#27;[39m
&amp#27;[38;5;38m[206e5dd8]&amp#27;[0m&amp#27;[38;5;-45m[AndroidUiautomator2Driver@b0cc]&amp#27;[0m Calling AppiumDriver.findElement() with args: ["-android uiautomator","new UiSelector().className(\"android.widget.ImageView\").instance(17)","206e5dd8-e05f-4e20-a5cd-137397744e6a"]
&amp#27;[38;5;38m[206e5dd8]&amp#27;[0m&amp#27;[38;5;-45m[AndroidUiautomator2Driver@b0cc]&amp#27;[0m Valid locator strategies for this request: xpath, id, class name, accessibility id, css selector, -android uiautomator
&amp#27;[38;5;38m[206e5dd8]&amp#27;[0m&amp#27;[38;5;-45m[AndroidUiautomator2Driver@b0cc]&amp#27;[0m Waiting up to 0 ms for condition
&amp#27;[38;5;38m[206e5dd8]&amp#27;[0m&amp#27;[38;5;-45m[AndroidUiautomator2Driver@b0cc]&amp#27;[0m Matched '/element' to command name 'findElement'
&amp#27;[38;5;38m[206e5dd8]&amp#27;[0m&amp#27;[38;5;-45m[AndroidUiautomator2Driver@b0cc]&amp#27;[0m Proxying [POST /element] to [POST http://127.0.0.1:8201/session/310ded7c-6b95-4d54-95d3-26f66dd3c642/element] with body: {"strategy":"-android uiautomator","selector":"new UiSelector().className(\"android.widget.ImageView\").instance(17)","context":"","multiple":false}
&amp#27;[38;5;38m[206e5dd8]&amp#27;[0m&amp#27;[38;5;-45m[AndroidUiautomator2Driver@b0cc]&amp#27;[0m Got response with status 404: {"sessionId":"310ded7c-6b95-4d54-95d3-26f66dd3c642","value":{"error":"no such element","message":"An element could not be located on the page using the given search parameters","stacktrace":"io.appium.uiautomator2.common.exceptions.ElementNotFoundException: An element could not be located on the page using the given search parameters\n\tat io.appium.uiautomator2.handler.FindElement.safeHandle(FindElement.java:63)\n\tat io.appium.uiautomator2.handler.request.SafeRequestHandler.handle(SafeRequestHandler.java:59)\n\tat io.appium.uiautomator2.server.AppiumServlet.handleRequest(AppiumServlet.java:259)\n\tat io.appium.uiautomator2.server.AppiumServlet.handleHttpRequest(AppiumServlet.java:253)\n\tat io.appium.uiautomator2.http.ServerHandler.channelRead(ServerHandler.java:77)\n\tat io.netty.channel.AbstractChannelHandlerContext.invokeChannelRead(AbstractChannelHandlerContext.java:366)\n\tat io.netty.channel.AbstractChannelHandlerContext.invokeChannelRead(AbstractChannelHandlerContext.java:352)\n\tat io.netty.chann...
&amp#27;[38;5;38m[206e5dd8]&amp#27;[0m&amp#27;[38;5;123m[W3C]&amp#27;[0m Matched W3C error code 'no such element' to NoSuchElementError
&amp#27;[38;5;38m[206e5dd8]&amp#27;[0m&amp#27;[38;5;-45m[AndroidUiautomator2Driver@b0cc]&amp#27;[0m Encountered internal error running command: NoSuchElementError: An element could not be located on the page using the given search parameters.
    at AndroidUiautomator2Driver.findElOrEls (C:\Users\admin\.appium\node_modules\appium-uiautomator2-driver\node_modules\appium-android-driver\lib\commands\find.ts:86:11)
    at processTicksAndRejections (node:internal/process/task_queues:105:5)
    at AndroidUiautomator2Driver.findElOrElsWithProcessing (C:\Users\admin\AppData\Roaming\npm\node_modules\appium\node_modules\@appium\base-driver\lib\basedriver\commands\find.ts:60:12)
    at AndroidUiautomator2Driver.findElement (C:\Users\admin\AppData\Roaming\npm\node_modules\appium\node_modules\@appium\base-driver\lib\basedriver\commands\find.ts:75:12)
&amp#27;[38;5;38m[206e5dd8]&amp#27;[0m&amp#27;[38;5;86m[HTTP]&amp#27;[0m &amp#27;[37m<-- POST /session/206e5dd8-e05f-4e20-a5cd-137397744e6a/element &amp#27;[39m&amp#27;[33m404&amp#27;[39m &amp#27;[90m699 ms - 891&amp#27;[39m &amp#27;[90m&amp#27;[39m
&amp#27;[38;5;38m[206e5dd8]&amp#27;[0m&amp#27;[38;5;86m[HTTP]&amp#27;[0m &amp#27;[37m-->&amp#27;[39m &amp#27;[37mPOST&amp#27;[39m &amp#27;[37m/session/206e5dd8-e05f-4e20-a5cd-137397744e6a/element&amp#27;[39m &amp#27;[90m{"value":"new UiSelector().className(\"android.widget.ImageView\").instance(17)","using":"-android uiautomator"}&amp#27;[39m
&amp#27;[38;5;38m[206e5dd8]&amp#27;[0m&amp#27;[38;5;-45m[AndroidUiautomator2Driver@b0cc]&amp#27;[0m Calling AppiumDriver.findElement() with args: ["-android uiautomator","new UiSelector().className(\"android.widget.ImageView\").instance(17)","206e5dd8-e05f-4e20-a5cd-137397744e6a"]
&amp#27;[38;5;38m[206e5dd8]&amp#27;[0m&amp#27;[38;5;-45m[AndroidUiautomator2Driver@b0cc]&amp#27;[0m Valid locator strategies for this request: xpath, id, class name, accessibility id, css selector, -android uiautomator
&amp#27;[38;5;38m[206e5dd8]&amp#27;[0m&amp#27;[38;5;-45m[AndroidUiautomator2Driver@b0cc]&amp#27;[0m Waiting up to 0 ms for condition
&amp#27;[38;5;38m[206e5dd8]&amp#27;[0m&amp#27;[38;5;-45m[AndroidUiautomator2Driver@b0cc]&amp#27;[0m Matched '/element' to command name 'findElement'
&amp#27;[38;5;38m[206e5dd8]&amp#27;[0m&amp#27;[38;5;-45m[AndroidUiautomator2Driver@b0cc]&amp#27;[0m Proxying [POST /element] to [POST http://127.0.0.1:8201/session/310ded7c-6b95-4d54-95d3-26f66dd3c642/element] with body: {"strategy":"-android uiautomator","selector":"new UiSelector().className(\"android.widget.ImageView\").instance(17)","context":"","multiple":false}
&amp#27;[38;5;38m[206e5dd8]&amp#27;[0m&amp#27;[38;5;-45m[AndroidUiautomator2Driver@b0cc]&amp#27;[0m Got response with status 404: {"sessionId":"310ded7c-6b95-4d54-95d3-26f66dd3c642","value":{"error":"no such element","message":"An element could not be located on the page using the given search parameters","stacktrace":"io.appium.uiautomator2.common.exceptions.ElementNotFoundException: An element could not be located on the page using the given search parameters\n\tat io.appium.uiautomator2.handler.FindElement.safeHandle(FindElement.java:63)\n\tat io.appium.uiautomator2.handler.request.SafeRequestHandler.handle(SafeRequestHandler.java:59)\n\tat io.appium.uiautomator2.server.AppiumServlet.handleRequest(AppiumServlet.java:259)\n\tat io.appium.uiautomator2.server.AppiumServlet.handleHttpRequest(AppiumServlet.java:253)\n\tat io.appium.uiautomator2.http.ServerHandler.channelRead(ServerHandler.java:77)\n\tat io.netty.channel.AbstractChannelHandlerContext.invokeChannelRead(AbstractChannelHandlerContext.java:366)\n\tat io.netty.channel.AbstractChannelHandlerContext.invokeChannelRead(AbstractChannelHandlerContext.java:352)\n\tat io.netty.chann...
&amp#27;[38;5;38m[206e5dd8]&amp#27;[0m&amp#27;[38;5;123m[W3C]&amp#27;[0m Matched W3C error code 'no such element' to NoSuchElementError
&amp#27;[38;5;38m[206e5dd8]&amp#27;[0m&amp#27;[38;5;-45m[AndroidUiautomator2Driver@b0cc]&amp#27;[0m Encountered internal error running command: NoSuchElementError: An element could not be located on the page using the given search parameters.
    at AndroidUiautomator2Driver.findElOrEls (C:\Users\admin\.appium\node_modules\appium-uiautomator2-driver\node_modules\appium-android-driver\lib\commands\find.ts:86:11)
    at processTicksAndRejections (node:internal/process/task_queues:105:5)
    at AndroidUiautomator2Driver.findElOrElsWithProcessing (C:\Users\admin\AppData\Roaming\npm\node_modules\appium\node_modules\@appium\base-driver\lib\basedriver\commands\find.ts:60:12)
    at AndroidUiautomator2Driver.findElement (C:\Users\admin\AppData\Roaming\npm\node_modules\appium\node_modules\@appium\base-driver\lib\basedriver\commands\find.ts:75:12)
&amp#27;[38;5;38m[206e5dd8]&amp#27;[0m&amp#27;[38;5;86m[HTTP]&amp#27;[0m &amp#27;[37m<-- POST /session/206e5dd8-e05f-4e20-a5cd-137397744e6a/element &amp#27;[39m&amp#27;[33m404&amp#27;[39m &amp#27;[90m529 ms - 891&amp#27;[39m &amp#27;[90m&amp#27;[39m
&amp#27;[38;5;38m[206e5dd8]&amp#27;[0m&amp#27;[38;5;86m[HTTP]&amp#27;[0m &amp#27;[37m-->&amp#27;[39m &amp#27;[37mPOST&amp#27;[39m &amp#27;[37m/session/206e5dd8-e05f-4e20-a5cd-137397744e6a/element&amp#27;[39m &amp#27;[90m{"value":"new UiSelector().className(\"android.widget.ImageView\").instance(17)","using":"-android uiautomator"}&amp#27;[39m
&amp#27;[38;5;38m[206e5dd8]&amp#27;[0m&amp#27;[38;5;-45m[AndroidUiautomator2Driver@b0cc]&amp#27;[0m Calling AppiumDriver.findElement() with args: ["-android uiautomator","new UiSelector().className(\"android.widget.ImageView\").instance(17)","206e5dd8-e05f-4e20-a5cd-137397744e6a"]
&amp#27;[38;5;38m[206e5dd8]&amp#27;[0m&amp#27;[38;5;-45m[AndroidUiautomator2Driver@b0cc]&amp#27;[0m Valid locator strategies for this request: xpath, id, class name, accessibility id, css selector, -android uiautomator
&amp#27;[38;5;38m[206e5dd8]&amp#27;[0m&amp#27;[38;5;-45m[AndroidUiautomator2Driver@b0cc]&amp#27;[0m Waiting up to 0 ms for condition
&amp#27;[38;5;38m[206e5dd8]&amp#27;[0m&amp#27;[38;5;-45m[AndroidUiautomator2Driver@b0cc]&amp#27;[0m Matched '/element' to command name 'findElement'
&amp#27;[38;5;38m[206e5dd8]&amp#27;[0m&amp#27;[38;5;-45m[AndroidUiautomator2Driver@b0cc]&amp#27;[0m Proxying [POST /element] to [POST http://127.0.0.1:8201/session/310ded7c-6b95-4d54-95d3-26f66dd3c642/element] with body: {"strategy":"-android uiautomator","selector":"new UiSelector().className(\"android.widget.ImageView\").instance(17)","context":"","multiple":false}
&amp#27;[38;5;38m[206e5dd8]&amp#27;[0m&amp#27;[38;5;-45m[AndroidUiautomator2Driver@b0cc]&amp#27;[0m Got response with status 404: {"sessionId":"310ded7c-6b95-4d54-95d3-26f66dd3c642","value":{"error":"no such element","message":"An element could not be located on the page using the given search parameters","stacktrace":"io.appium.uiautomator2.common.exceptions.ElementNotFoundException: An element could not be located on the page using the given search parameters\n\tat io.appium.uiautomator2.handler.FindElement.safeHandle(FindElement.java:63)\n\tat io.appium.uiautomator2.handler.request.SafeRequestHandler.handle(SafeRequestHandler.java:59)\n\tat io.appium.uiautomator2.server.AppiumServlet.handleRequest(AppiumServlet.java:259)\n\tat io.appium.uiautomator2.server.AppiumServlet.handleHttpRequest(AppiumServlet.java:253)\n\tat io.appium.uiautomator2.http.ServerHandler.channelRead(ServerHandler.java:77)\n\tat io.netty.channel.AbstractChannelHandlerContext.invokeChannelRead(AbstractChannelHandlerContext.java:366)\n\tat io.netty.channel.AbstractChannelHandlerContext.invokeChannelRead(AbstractChannelHandlerContext.java:352)\n\tat io.netty.chann...
&amp#27;[38;5;38m[206e5dd8]&amp#27;[0m&amp#27;[38;5;123m[W3C]&amp#27;[0m Matched W3C error code 'no such element' to NoSuchElementError
&amp#27;[38;5;38m[206e5dd8]&amp#27;[0m&amp#27;[38;5;-45m[AndroidUiautomator2Driver@b0cc]&amp#27;[0m Encountered internal error running command: NoSuchElementError: An element could not be located on the page using the given search parameters.
    at AndroidUiautomator2Driver.findElOrEls (C:\Users\admin\.appium\node_modules\appium-uiautomator2-driver\node_modules\appium-android-driver\lib\commands\find.ts:86:11)
    at processTicksAndRejections (node:internal/process/task_queues:105:5)
    at AndroidUiautomator2Driver.findElOrElsWithProcessing (C:\Users\admin\AppData\Roaming\npm\node_modules\appium\node_modules\@appium\base-driver\lib\basedriver\commands\find.ts:60:12)
    at AndroidUiautomator2Driver.findElement (C:\Users\admin\AppData\Roaming\npm\node_modules\appium\node_modules\@appium\base-driver\lib\basedriver\commands\find.ts:75:12)
&amp#27;[38;5;38m[206e5dd8]&amp#27;[0m&amp#27;[38;5;86m[HTTP]&amp#27;[0m &amp#27;[37m<-- POST /session/206e5dd8-e05f-4e20-a5cd-137397744e6a/element &amp#27;[39m&amp#27;[33m404&amp#27;[39m &amp#27;[90m3666 ms - 891&amp#27;[39m &amp#27;[90m&amp#27;[39m
&amp#27;[38;5;38m[206e5dd8]&amp#27;[0m&amp#27;[38;5;86m[HTTP]&amp#27;[0m &amp#27;[37m-->&amp#27;[39m &amp#27;[37mPOST&amp#27;[39m &amp#27;[37m/session/206e5dd8-e05f-4e20-a5cd-137397744e6a/element&amp#27;[39m &amp#27;[90m{"value":"new UiSelector().className(\"android.widget.ImageView\").instance(17)","using":"-android uiautomator"}&amp#27;[39m
&amp#27;[38;5;38m[206e5dd8]&amp#27;[0m&amp#27;[38;5;-45m[AndroidUiautomator2Driver@b0cc]&amp#27;[0m Calling AppiumDriver.findElement() with args: ["-android uiautomator","new UiSelector().className(\"android.widget.ImageView\").instance(17)","206e5dd8-e05f-4e20-a5cd-137397744e6a"]
&amp#27;[38;5;38m[206e5dd8]&amp#27;[0m&amp#27;[38;5;-45m[AndroidUiautomator2Driver@b0cc]&amp#27;[0m Valid locator strategies for this request: xpath, id, class name, accessibility id, css selector, -android uiautomator
&amp#27;[38;5;38m[206e5dd8]&amp#27;[0m&amp#27;[38;5;-45m[AndroidUiautomator2Driver@b0cc]&amp#27;[0m Waiting up to 0 ms for condition
&amp#27;[38;5;38m[206e5dd8]&amp#27;[0m&amp#27;[38;5;-45m[AndroidUiautomator2Driver@b0cc]&amp#27;[0m Matched '/element' to command name 'findElement'
&amp#27;[38;5;38m[206e5dd8]&amp#27;[0m&amp#27;[38;5;-45m[AndroidUiautomator2Driver@b0cc]&amp#27;[0m Proxying [POST /element] to [POST http://127.0.0.1:8201/session/310ded7c-6b95-4d54-95d3-26f66dd3c642/element] with body: {"strategy":"-android uiautomator","selector":"new UiSelector().className(\"android.widget.ImageView\").instance(17)","context":"","multiple":false}
&amp#27;[38;5;38m[206e5dd8]&amp#27;[0m&amp#27;[38;5;-45m[AndroidUiautomator2Driver@b0cc]&amp#27;[0m Got response with status 404: {"sessionId":"310ded7c-6b95-4d54-95d3-26f66dd3c642","value":{"error":"no such element","message":"An element could not be located on the page using the given search parameters","stacktrace":"io.appium.uiautomator2.common.exceptions.ElementNotFoundException: An element could not be located on the page using the given search parameters\n\tat io.appium.uiautomator2.handler.FindElement.safeHandle(FindElement.java:63)\n\tat io.appium.uiautomator2.handler.request.SafeRequestHandler.handle(SafeRequestHandler.java:59)\n\tat io.appium.uiautomator2.server.AppiumServlet.handleRequest(AppiumServlet.java:259)\n\tat io.appium.uiautomator2.server.AppiumServlet.handleHttpRequest(AppiumServlet.java:253)\n\tat io.appium.uiautomator2.http.ServerHandler.channelRead(ServerHandler.java:77)\n\tat io.netty.channel.AbstractChannelHandlerContext.invokeChannelRead(AbstractChannelHandlerContext.java:366)\n\tat io.netty.channel.AbstractChannelHandlerContext.invokeChannelRead(AbstractChannelHandlerContext.java:352)\n\tat io.netty.chann...
&amp#27;[38;5;38m[206e5dd8]&amp#27;[0m&amp#27;[38;5;123m[W3C]&amp#27;[0m Matched W3C error code 'no such element' to NoSuchElementError
&amp#27;[38;5;38m[206e5dd8]&amp#27;[0m&amp#27;[38;5;-45m[AndroidUiautomator2Driver@b0cc]&amp#27;[0m Encountered internal error running command: NoSuchElementError: An element could not be located on the page using the given search parameters.
    at AndroidUiautomator2Driver.findElOrEls (C:\Users\admin\.appium\node_modules\appium-uiautomator2-driver\node_modules\appium-android-driver\lib\commands\find.ts:86:11)
    at processTicksAndRejections (node:internal/process/task_queues:105:5)
    at AndroidUiautomator2Driver.findElOrElsWithProcessing (C:\Users\admin\AppData\Roaming\npm\node_modules\appium\node_modules\@appium\base-driver\lib\basedriver\commands\find.ts:60:12)
    at AndroidUiautomator2Driver.findElement (C:\Users\admin\AppData\Roaming\npm\node_modules\appium\node_modules\@appium\base-driver\lib\basedriver\commands\find.ts:75:12)
&amp#27;[38;5;38m[206e5dd8]&amp#27;[0m&amp#27;[38;5;86m[HTTP]&amp#27;[0m &amp#27;[37m<-- POST /session/206e5dd8-e05f-4e20-a5cd-137397744e6a/element &amp#27;[39m&amp#27;[33m404&amp#27;[39m &amp#27;[90m4535 ms - 891&amp#27;[39m &amp#27;[90m&amp#27;[39m
&amp#27;[38;5;38m[206e5dd8]&amp#27;[0m&amp#27;[38;5;86m[HTTP]&amp#27;[0m &amp#27;[37m-->&amp#27;[39m &amp#27;[37mPOST&amp#27;[39m &amp#27;[37m/session/206e5dd8-e05f-4e20-a5cd-137397744e6a/element&amp#27;[39m &amp#27;[90m{"value":"new UiSelector().className(\"android.widget.ImageView\").instance(17)","using":"-android uiautomator"}&amp#27;[39m
&amp#27;[38;5;38m[206e5dd8]&amp#27;[0m&amp#27;[38;5;-45m[AndroidUiautomator2Driver@b0cc]&amp#27;[0m Calling AppiumDriver.findElement() with args: ["-android uiautomator","new UiSelector().className(\"android.widget.ImageView\").instance(17)","206e5dd8-e05f-4e20-a5cd-137397744e6a"]
&amp#27;[38;5;38m[206e5dd8]&amp#27;[0m&amp#27;[38;5;-45m[AndroidUiautomator2Driver@b0cc]&amp#27;[0m Valid locator strategies for this request: xpath, id, class name, accessibility id, css selector, -android uiautomator
&amp#27;[38;5;38m[206e5dd8]&amp#27;[0m&amp#27;[38;5;-45m[AndroidUiautomator2Driver@b0cc]&amp#27;[0m Waiting up to 0 ms for condition
&amp#27;[38;5;38m[206e5dd8]&amp#27;[0m&amp#27;[38;5;-45m[AndroidUiautomator2Driver@b0cc]&amp#27;[0m Matched '/element' to command name 'findElement'
&amp#27;[38;5;38m[206e5dd8]&amp#27;[0m&amp#27;[38;5;-45m[AndroidUiautomator2Driver@b0cc]&amp#27;[0m Proxying [POST /element] to [POST http://127.0.0.1:8201/session/310ded7c-6b95-4d54-95d3-26f66dd3c642/element] with body: {"strategy":"-android uiautomator","selector":"new UiSelector().className(\"android.widget.ImageView\").instance(17)","context":"","multiple":false}
&amp#27;[38;5;38m[206e5dd8]&amp#27;[0m&amp#27;[38;5;-45m[AndroidUiautomator2Driver@b0cc]&amp#27;[0m Got response with status 404: {"sessionId":"310ded7c-6b95-4d54-95d3-26f66dd3c642","value":{"error":"no such element","message":"An element could not be located on the page using the given search parameters","stacktrace":"io.appium.uiautomator2.common.exceptions.ElementNotFoundException: An element could not be located on the page using the given search parameters\n\tat io.appium.uiautomator2.handler.FindElement.safeHandle(FindElement.java:63)\n\tat io.appium.uiautomator2.handler.request.SafeRequestHandler.handle(SafeRequestHandler.java:59)\n\tat io.appium.uiautomator2.server.AppiumServlet.handleRequest(AppiumServlet.java:259)\n\tat io.appium.uiautomator2.server.AppiumServlet.handleHttpRequest(AppiumServlet.java:253)\n\tat io.appium.uiautomator2.http.ServerHandler.channelRead(ServerHandler.java:77)\n\tat io.netty.channel.AbstractChannelHandlerContext.invokeChannelRead(AbstractChannelHandlerContext.java:366)\n\tat io.netty.channel.AbstractChannelHandlerContext.invokeChannelRead(AbstractChannelHandlerContext.java:352)\n\tat io.netty.chann...
&amp#27;[38;5;38m[206e5dd8]&amp#27;[0m&amp#27;[38;5;123m[W3C]&amp#27;[0m Matched W3C error code 'no such element' to NoSuchElementError
&amp#27;[38;5;38m[206e5dd8]&amp#27;[0m&amp#27;[38;5;-45m[AndroidUiautomator2Driver@b0cc]&amp#27;[0m Encountered internal error running command: NoSuchElementError: An element could not be located on the page using the given search parameters.
    at AndroidUiautomator2Driver.findElOrEls (C:\Users\admin\.appium\node_modules\appium-uiautomator2-driver\node_modules\appium-android-driver\lib\commands\find.ts:86:11)
    at processTicksAndRejections (node:internal/process/task_queues:105:5)
    at AndroidUiautomator2Driver.findElOrElsWithProcessing (C:\Users\admin\AppData\Roaming\npm\node_modules\appium\node_modules\@appium\base-driver\lib\basedriver\commands\find.ts:60:12)
    at AndroidUiautomator2Driver.findElement (C:\Users\admin\AppData\Roaming\npm\node_modules\appium\node_modules\@appium\base-driver\lib\basedriver\commands\find.ts:75:12)
&amp#27;[38;5;38m[206e5dd8]&amp#27;[0m&amp#27;[38;5;86m[HTTP]&amp#27;[0m &amp#27;[37m<-- POST /session/206e5dd8-e05f-4e20-a5cd-137397744e6a/element &amp#27;[39m&amp#27;[33m404&amp#27;[39m &amp#27;[90m71 ms - 891&amp#27;[39m &amp#27;[90m&amp#27;[39m
&amp#27;[38;5;38m[206e5dd8]&amp#27;[0m&amp#27;[38;5;86m[HTTP]&amp#27;[0m &amp#27;[37m-->&amp#27;[39m &amp#27;[37mPOST&amp#27;[39m &amp#27;[37m/session/206e5dd8-e05f-4e20-a5cd-137397744e6a/element&amp#27;[39m &amp#27;[90m{"value":"new UiSelector().className(\"android.widget.ImageView\").instance(17)","using":"-android uiautomator"}&amp#27;[39m
&amp#27;[38;5;38m[206e5dd8]&amp#27;[0m&amp#27;[38;5;-45m[AndroidUiautomator2Driver@b0cc]&amp#27;[0m Calling AppiumDriver.findElement() with args: ["-android uiautomator","new UiSelector().className(\"android.widget.ImageView\").instance(17)","206e5dd8-e05f-4e20-a5cd-137397744e6a"]
&amp#27;[38;5;38m[206e5dd8]&amp#27;[0m&amp#27;[38;5;-45m[AndroidUiautomator2Driver@b0cc]&amp#27;[0m Valid locator strategies for this request: xpath, id, class name, accessibility id, css selector, -android uiautomator
&amp#27;[38;5;38m[206e5dd8]&amp#27;[0m&amp#27;[38;5;-45m[AndroidUiautomator2Driver@b0cc]&amp#27;[0m Waiting up to 0 ms for condition
&amp#27;[38;5;38m[206e5dd8]&amp#27;[0m&amp#27;[38;5;-45m[AndroidUiautomator2Driver@b0cc]&amp#27;[0m Matched '/element' to command name 'findElement'
&amp#27;[38;5;38m[206e5dd8]&amp#27;[0m&amp#27;[38;5;-45m[AndroidUiautomator2Driver@b0cc]&amp#27;[0m Proxying [POST /element] to [POST http://127.0.0.1:8201/session/310ded7c-6b95-4d54-95d3-26f66dd3c642/element] with body: {"strategy":"-android uiautomator","selector":"new UiSelector().className(\"android.widget.ImageView\").instance(17)","context":"","multiple":false}
&amp#27;[38;5;38m[206e5dd8]&amp#27;[0m&amp#27;[38;5;-45m[AndroidUiautomator2Driver@b0cc]&amp#27;[0m Got response with status 404: {"sessionId":"310ded7c-6b95-4d54-95d3-26f66dd3c642","value":{"error":"no such element","message":"An element could not be located on the page using the given search parameters","stacktrace":"io.appium.uiautomator2.common.exceptions.ElementNotFoundException: An element could not be located on the page using the given search parameters\n\tat io.appium.uiautomator2.handler.FindElement.safeHandle(FindElement.java:63)\n\tat io.appium.uiautomator2.handler.request.SafeRequestHandler.handle(SafeRequestHandler.java:59)\n\tat io.appium.uiautomator2.server.AppiumServlet.handleRequest(AppiumServlet.java:259)\n\tat io.appium.uiautomator2.server.AppiumServlet.handleHttpRequest(AppiumServlet.java:253)\n\tat io.appium.uiautomator2.http.ServerHandler.channelRead(ServerHandler.java:77)\n\tat io.netty.channel.AbstractChannelHandlerContext.invokeChannelRead(AbstractChannelHandlerContext.java:366)\n\tat io.netty.channel.AbstractChannelHandlerContext.invokeChannelRead(AbstractChannelHandlerContext.java:352)\n\tat io.netty.chann...
&amp#27;[38;5;38m[206e5dd8]&amp#27;[0m&amp#27;[38;5;123m[W3C]&amp#27;[0m Matched W3C error code 'no such element' to NoSuchElementError
&amp#27;[38;5;38m[206e5dd8]&amp#27;[0m&amp#27;[38;5;-45m[AndroidUiautomator2Driver@b0cc]&amp#27;[0m Encountered internal error running command: NoSuchElementError: An element could not be located on the page using the given search parameters.
    at AndroidUiautomator2Driver.findElOrEls (C:\Users\admin\.appium\node_modules\appium-uiautomator2-driver\node_modules\appium-android-driver\lib\commands\find.ts:86:11)
    at processTicksAndRejections (node:internal/process/task_queues:105:5)
    at AndroidUiautomator2Driver.findElOrElsWithProcessing (C:\Users\admin\AppData\Roaming\npm\node_modules\appium\node_modules\@appium\base-driver\lib\basedriver\commands\find.ts:60:12)
    at AndroidUiautomator2Driver.findElement (C:\Users\admin\AppData\Roaming\npm\node_modules\appium\node_modules\@appium\base-driver\lib\basedriver\commands\find.ts:75:12)
&amp#27;[38;5;38m[206e5dd8]&amp#27;[0m&amp#27;[38;5;86m[HTTP]&amp#27;[0m &amp#27;[37m<-- POST /session/206e5dd8-e05f-4e20-a5cd-137397744e6a/element &amp#27;[39m&amp#27;[33m404&amp#27;[39m &amp#27;[90m70 ms - 891&amp#27;[39m &amp#27;[90m&amp#27;[39m
&amp#27;[38;5;38m[206e5dd8]&amp#27;[0m&amp#27;[38;5;86m[HTTP]&amp#27;[0m &amp#27;[37m-->&amp#27;[39m &amp#27;[37mPOST&amp#27;[39m &amp#27;[37m/session/206e5dd8-e05f-4e20-a5cd-137397744e6a/element&amp#27;[39m &amp#27;[90m{"value":"new UiSelector().className(\"android.widget.ImageView\").instance(17)","using":"-android uiautomator"}&amp#27;[39m
&amp#27;[38;5;38m[206e5dd8]&amp#27;[0m&amp#27;[38;5;-45m[AndroidUiautomator2Driver@b0cc]&amp#27;[0m Calling AppiumDriver.findElement() with args: ["-android uiautomator","new UiSelector().className(\"android.widget.ImageView\").instance(17)","206e5dd8-e05f-4e20-a5cd-137397744e6a"]
&amp#27;[38;5;38m[206e5dd8]&amp#27;[0m&amp#27;[38;5;-45m[AndroidUiautomator2Driver@b0cc]&amp#27;[0m Valid locator strategies for this request: xpath, id, class name, accessibility id, css selector, -android uiautomator
&amp#27;[38;5;38m[206e5dd8]&amp#27;[0m&amp#27;[38;5;-45m[AndroidUiautomator2Driver@b0cc]&amp#27;[0m Waiting up to 0 ms for condition
&amp#27;[38;5;38m[206e5dd8]&amp#27;[0m&amp#27;[38;5;-45m[AndroidUiautomator2Driver@b0cc]&amp#27;[0m Matched '/element' to command name 'findElement'
&amp#27;[38;5;38m[206e5dd8]&amp#27;[0m&amp#27;[38;5;-45m[AndroidUiautomator2Driver@b0cc]&amp#27;[0m Proxying [POST /element] to [POST http://127.0.0.1:8201/session/310ded7c-6b95-4d54-95d3-26f66dd3c642/element] with body: {"strategy":"-android uiautomator","selector":"new UiSelector().className(\"android.widget.ImageView\").instance(17)","context":"","multiple":false}
&amp#27;[38;5;38m[206e5dd8]&amp#27;[0m&amp#27;[38;5;-45m[AndroidUiautomator2Driver@b0cc]&amp#27;[0m Got response with status 404: {"sessionId":"310ded7c-6b95-4d54-95d3-26f66dd3c642","value":{"error":"no such element","message":"An element could not be located on the page using the given search parameters","stacktrace":"io.appium.uiautomator2.common.exceptions.ElementNotFoundException: An element could not be located on the page using the given search parameters\n\tat io.appium.uiautomator2.handler.FindElement.safeHandle(FindElement.java:63)\n\tat io.appium.uiautomator2.handler.request.SafeRequestHandler.handle(SafeRequestHandler.java:59)\n\tat io.appium.uiautomator2.server.AppiumServlet.handleRequest(AppiumServlet.java:259)\n\tat io.appium.uiautomator2.server.AppiumServlet.handleHttpRequest(AppiumServlet.java:253)\n\tat io.appium.uiautomator2.http.ServerHandler.channelRead(ServerHandler.java:77)\n\tat io.netty.channel.AbstractChannelHandlerContext.invokeChannelRead(AbstractChannelHandlerContext.java:366)\n\tat io.netty.channel.AbstractChannelHandlerContext.invokeChannelRead(AbstractChannelHandlerContext.java:352)\n\tat io.netty.chann...
&amp#27;[38;5;38m[206e5dd8]&amp#27;[0m&amp#27;[38;5;123m[W3C]&amp#27;[0m Matched W3C error code 'no such element' to NoSuchElementError
&amp#27;[38;5;38m[206e5dd8]&amp#27;[0m&amp#27;[38;5;-45m[AndroidUiautomator2Driver@b0cc]&amp#27;[0m Encountered internal error running command: NoSuchElementError: An element could not be located on the page using the given search parameters.
    at AndroidUiautomator2Driver.findElOrEls (C:\Users\admin\.appium\node_modules\appium-uiautomator2-driver\node_modules\appium-android-driver\lib\commands\find.ts:86:11)
    at processTicksAndRejections (node:internal/process/task_queues:105:5)
    at AndroidUiautomator2Driver.findElOrElsWithProcessing (C:\Users\admin\AppData\Roaming\npm\node_modules\appium\node_modules\@appium\base-driver\lib\basedriver\commands\find.ts:60:12)
    at AndroidUiautomator2Driver.findElement (C:\Users\admin\AppData\Roaming\npm\node_modules\appium\node_modules\@appium\base-driver\lib\basedriver\commands\find.ts:75:12)
&amp#27;[38;5;38m[206e5dd8]&amp#27;[0m&amp#27;[38;5;86m[HTTP]&amp#27;[0m &amp#27;[37m<-- POST /session/206e5dd8-e05f-4e20-a5cd-137397744e6a/element &amp#27;[39m&amp#27;[33m404&amp#27;[39m &amp#27;[90m661 ms - 891&amp#27;[39m &amp#27;[90m&amp#27;[39m
&amp#27;[38;5;38m[206e5dd8]&amp#27;[0m&amp#27;[38;5;86m[HTTP]&amp#27;[0m &amp#27;[37m-->&amp#27;[39m &amp#27;[37mPOST&amp#27;[39m &amp#27;[37m/session/206e5dd8-e05f-4e20-a5cd-137397744e6a/element&amp#27;[39m &amp#27;[90m{"value":"new UiSelector().className(\"android.widget.ImageView\").instance(17)","using":"-android uiautomator"}&amp#27;[39m
&amp#27;[38;5;38m[206e5dd8]&amp#27;[0m&amp#27;[38;5;-45m[AndroidUiautomator2Driver@b0cc]&amp#27;[0m Calling AppiumDriver.findElement() with args: ["-android uiautomator","new UiSelector().className(\"android.widget.ImageView\").instance(17)","206e5dd8-e05f-4e20-a5cd-137397744e6a"]
&amp#27;[38;5;38m[206e5dd8]&amp#27;[0m&amp#27;[38;5;-45m[AndroidUiautomator2Driver@b0cc]&amp#27;[0m Valid locator strategies for this request: xpath, id, class name, accessibility id, css selector, -android uiautomator
&amp#27;[38;5;38m[206e5dd8]&amp#27;[0m&amp#27;[38;5;-45m[AndroidUiautomator2Driver@b0cc]&amp#27;[0m Waiting up to 0 ms for condition
&amp#27;[38;5;38m[206e5dd8]&amp#27;[0m&amp#27;[38;5;-45m[AndroidUiautomator2Driver@b0cc]&amp#27;[0m Matched '/element' to command name 'findElement'
&amp#27;[38;5;38m[206e5dd8]&amp#27;[0m&amp#27;[38;5;-45m[AndroidUiautomator2Driver@b0cc]&amp#27;[0m Proxying [POST /element] to [POST http://127.0.0.1:8201/session/310ded7c-6b95-4d54-95d3-26f66dd3c642/element] with body: {"strategy":"-android uiautomator","selector":"new UiSelector().className(\"android.widget.ImageView\").instance(17)","context":"","multiple":false}
&amp#27;[38;5;38m[206e5dd8]&amp#27;[0m&amp#27;[38;5;-45m[AndroidUiautomator2Driver@b0cc]&amp#27;[0m Got response with status 404: {"sessionId":"310ded7c-6b95-4d54-95d3-26f66dd3c642","value":{"error":"no such element","message":"An element could not be located on the page using the given search parameters","stacktrace":"io.appium.uiautomator2.common.exceptions.ElementNotFoundException: An element could not be located on the page using the given search parameters\n\tat io.appium.uiautomator2.handler.FindElement.safeHandle(FindElement.java:63)\n\tat io.appium.uiautomator2.handler.request.SafeRequestHandler.handle(SafeRequestHandler.java:59)\n\tat io.appium.uiautomator2.server.AppiumServlet.handleRequest(AppiumServlet.java:259)\n\tat io.appium.uiautomator2.server.AppiumServlet.handleHttpRequest(AppiumServlet.java:253)\n\tat io.appium.uiautomator2.http.ServerHandler.channelRead(ServerHandler.java:77)\n\tat io.netty.channel.AbstractChannelHandlerContext.invokeChannelRead(AbstractChannelHandlerContext.java:366)\n\tat io.netty.channel.AbstractChannelHandlerContext.invokeChannelRead(AbstractChannelHandlerContext.java:352)\n\tat io.netty.chann...
&amp#27;[38;5;38m[206e5dd8]&amp#27;[0m&amp#27;[38;5;123m[W3C]&amp#27;[0m Matched W3C error code 'no such element' to NoSuchElementError
&amp#27;[38;5;38m[206e5dd8]&amp#27;[0m&amp#27;[38;5;-45m[AndroidUiautomator2Driver@b0cc]&amp#27;[0m Encountered internal error running command: NoSuchElementError: An element could not be located on the page using the given search parameters.
    at AndroidUiautomator2Driver.findElOrEls (C:\Users\admin\.appium\node_modules\appium-uiautomator2-driver\node_modules\appium-android-driver\lib\commands\find.ts:86:11)
    at processTicksAndRejections (node:internal/process/task_queues:105:5)
    at AndroidUiautomator2Driver.findElOrElsWithProcessing (C:\Users\admin\AppData\Roaming\npm\node_modules\appium\node_modules\@appium\base-driver\lib\basedriver\commands\find.ts:60:12)
    at AndroidUiautomator2Driver.findElement (C:\Users\admin\AppData\Roaming\npm\node_modules\appium\node_modules\@appium\base-driver\lib\basedriver\commands\find.ts:75:12)
&amp#27;[38;5;38m[206e5dd8]&amp#27;[0m&amp#27;[38;5;86m[HTTP]&amp#27;[0m &amp#27;[37m<-- POST /session/206e5dd8-e05f-4e20-a5cd-137397744e6a/element &amp#27;[39m&amp#27;[33m404&amp#27;[39m &amp#27;[90m374 ms - 891&amp#27;[39m &amp#27;[90m&amp#27;[39m
&amp#27;[38;5;38m[206e5dd8]&amp#27;[0m&amp#27;[38;5;86m[HTTP]&amp#27;[0m &amp#27;[37m-->&amp#27;[39m &amp#27;[37mPOST&amp#27;[39m &amp#27;[37m/session/206e5dd8-e05f-4e20-a5cd-137397744e6a/element&amp#27;[39m &amp#27;[90m{"value":"new UiSelector().className(\"android.widget.ImageView\").instance(17)","using":"-android uiautomator"}&amp#27;[39m
&amp#27;[38;5;38m[206e5dd8]&amp#27;[0m&amp#27;[38;5;-45m[AndroidUiautomator2Driver@b0cc]&amp#27;[0m Calling AppiumDriver.findElement() with args: ["-android uiautomator","new UiSelector().className(\"android.widget.ImageView\").instance(17)","206e5dd8-e05f-4e20-a5cd-137397744e6a"]
&amp#27;[38;5;38m[206e5dd8]&amp#27;[0m&amp#27;[38;5;-45m[AndroidUiautomator2Driver@b0cc]&amp#27;[0m Valid locator strategies for this request: xpath, id, class name, accessibility id, css selector, -android uiautomator
&amp#27;[38;5;38m[206e5dd8]&amp#27;[0m&amp#27;[38;5;-45m[AndroidUiautomator2Driver@b0cc]&amp#27;[0m Waiting up to 0 ms for condition
&amp#27;[38;5;38m[206e5dd8]&amp#27;[0m&amp#27;[38;5;-45m[AndroidUiautomator2Driver@b0cc]&amp#27;[0m Matched '/element' to command name 'findElement'
&amp#27;[38;5;38m[206e5dd8]&amp#27;[0m&amp#27;[38;5;-45m[AndroidUiautomator2Driver@b0cc]&amp#27;[0m Proxying [POST /element] to [POST http://127.0.0.1:8201/session/310ded7c-6b95-4d54-95d3-26f66dd3c642/element] with body: {"strategy":"-android uiautomator","selector":"new UiSelector().className(\"android.widget.ImageView\").instance(17)","context":"","multiple":false}
&amp#27;[38;5;38m[206e5dd8]&amp#27;[0m&amp#27;[38;5;-45m[AndroidUiautomator2Driver@b0cc]&amp#27;[0m Got response with status 404: {"sessionId":"310ded7c-6b95-4d54-95d3-26f66dd3c642","value":{"error":"no such element","message":"An element could not be located on the page using the given search parameters","stacktrace":"io.appium.uiautomator2.common.exceptions.ElementNotFoundException: An element could not be located on the page using the given search parameters\n\tat io.appium.uiautomator2.handler.FindElement.safeHandle(FindElement.java:63)\n\tat io.appium.uiautomator2.handler.request.SafeRequestHandler.handle(SafeRequestHandler.java:59)\n\tat io.appium.uiautomator2.server.AppiumServlet.handleRequest(AppiumServlet.java:259)\n\tat io.appium.uiautomator2.server.AppiumServlet.handleHttpRequest(AppiumServlet.java:253)\n\tat io.appium.uiautomator2.http.ServerHandler.channelRead(ServerHandler.java:77)\n\tat io.netty.channel.AbstractChannelHandlerContext.invokeChannelRead(AbstractChannelHandlerContext.java:366)\n\tat io.netty.channel.AbstractChannelHandlerContext.invokeChannelRead(AbstractChannelHandlerContext.java:352)\n\tat io.netty.chann...
&amp#27;[38;5;38m[206e5dd8]&amp#27;[0m&amp#27;[38;5;123m[W3C]&amp#27;[0m Matched W3C error code 'no such element' to NoSuchElementError
&amp#27;[38;5;38m[206e5dd8]&amp#27;[0m&amp#27;[38;5;-45m[AndroidUiautomator2Driver@b0cc]&amp#27;[0m Encountered internal error running command: NoSuchElementError: An element could not be located on the page using the given search parameters.
    at AndroidUiautomator2Driver.findElOrEls (C:\Users\admin\.appium\node_modules\appium-uiautomator2-driver\node_modules\appium-android-driver\lib\commands\find.ts:86:11)
    at processTicksAndRejections (node:internal/process/task_queues:105:5)
    at AndroidUiautomator2Driver.findElOrElsWithProcessing (C:\Users\admin\AppData\Roaming\npm\node_modules\appium\node_modules\@appium\base-driver\lib\basedriver\commands\find.ts:60:12)
    at AndroidUiautomator2Driver.findElement (C:\Users\admin\AppData\Roaming\npm\node_modules\appium\node_modules\@appium\base-driver\lib\basedriver\commands\find.ts:75:12)
&amp#27;[38;5;38m[206e5dd8]&amp#27;[0m&amp#27;[38;5;86m[HTTP]&amp#27;[0m &amp#27;[37m<-- POST /session/206e5dd8-e05f-4e20-a5cd-137397744e6a/element &amp#27;[39m&amp#27;[33m404&amp#27;[39m &amp#27;[90m891 ms - 891&amp#27;[39m &amp#27;[90m&amp#27;[39m
&amp#27;[38;5;38m[206e5dd8]&amp#27;[0m&amp#27;[38;5;86m[HTTP]&amp#27;[0m &amp#27;[37m-->&amp#27;[39m &amp#27;[37mPOST&amp#27;[39m &amp#27;[37m/session/206e5dd8-e05f-4e20-a5cd-137397744e6a/element&amp#27;[39m &amp#27;[90m{"value":"new UiSelector().className(\"android.widget.ImageView\").instance(17)","using":"-android uiautomator"}&amp#27;[39m
&amp#27;[38;5;38m[206e5dd8]&amp#27;[0m&amp#27;[38;5;-45m[AndroidUiautomator2Driver@b0cc]&amp#27;[0m Calling AppiumDriver.findElement() with args: ["-android uiautomator","new UiSelector().className(\"android.widget.ImageView\").instance(17)","206e5dd8-e05f-4e20-a5cd-137397744e6a"]
&amp#27;[38;5;38m[206e5dd8]&amp#27;[0m&amp#27;[38;5;-45m[AndroidUiautomator2Driver@b0cc]&amp#27;[0m Valid locator strategies for this request: xpath, id, class name, accessibility id, css selector, -android uiautomator
&amp#27;[38;5;38m[206e5dd8]&amp#27;[0m&amp#27;[38;5;-45m[AndroidUiautomator2Driver@b0cc]&amp#27;[0m Waiting up to 0 ms for condition
&amp#27;[38;5;38m[206e5dd8]&amp#27;[0m&amp#27;[38;5;-45m[AndroidUiautomator2Driver@b0cc]&amp#27;[0m Matched '/element' to command name 'findElement'
&amp#27;[38;5;38m[206e5dd8]&amp#27;[0m&amp#27;[38;5;-45m[AndroidUiautomator2Driver@b0cc]&amp#27;[0m Proxying [POST /element] to [POST http://127.0.0.1:8201/session/310ded7c-6b95-4d54-95d3-26f66dd3c642/element] with body: {"strategy":"-android uiautomator","selector":"new UiSelector().className(\"android.widget.ImageView\").instance(17)","context":"","multiple":false}
&amp#27;[38;5;38m[206e5dd8]&amp#27;[0m&amp#27;[38;5;-45m[AndroidUiautomator2Driver@b0cc]&amp#27;[0m Got response with status 200: {"sessionId":"310ded7c-6b95-4d54-95d3-26f66dd3c642","value":{"ELEMENT":"00000000-0000-017e-ffff-ffff0000017a","element-6066-11e4-a52e-4f735466cecf":"00000000-0000-017e-ffff-ffff0000017a"}}
&amp#27;[38;5;38m[206e5dd8]&amp#27;[0m&amp#27;[38;5;-45m[AndroidUiautomator2Driver@b0cc]&amp#27;[0m Responding to client with driver.findElement() result: {"element-6066-11e4-a52e-4f735466cecf":"00000000-0000-017e-ffff-ffff0000017a","ELEMENT":"00000000-0000-017e-ffff-ffff0000017a"}
&amp#27;[38;5;38m[206e5dd8]&amp#27;[0m&amp#27;[38;5;86m[HTTP]&amp#27;[0m &amp#27;[37m<-- POST /session/206e5dd8-e05f-4e20-a5cd-137397744e6a/element &amp#27;[39m&amp#27;[32m200&amp#27;[39m &amp#27;[90m20842 ms - 137&amp#27;[39m &amp#27;[90m&amp#27;[39m
&amp#27;[38;5;38m[206e5dd8]&amp#27;[0m&amp#27;[38;5;86m[HTTP]&amp#27;[0m &amp#27;[37m-->&amp#27;[39m &amp#27;[37mGET&amp#27;[39m &amp#27;[37m/session/206e5dd8-e05f-4e20-a5cd-137397744e6a/element/00000000-0000-017e-ffff-ffff0000017a/displayed&amp#27;[39m &amp#27;[90m{}&amp#27;[39m
&amp#27;[38;5;38m[206e5dd8]&amp#27;[0m&amp#27;[38;5;-45m[AndroidUiautomator2Driver@b0cc]&amp#27;[0m Calling AppiumDriver.elementDisplayed() with args: ["00000000-0000-017e-ffff-ffff0000017a","206e5dd8-e05f-4e20-a5cd-137397744e6a"]
&amp#27;[38;5;38m[206e5dd8]&amp#27;[0m&amp#27;[38;5;-45m[AndroidUiautomator2Driver@b0cc]&amp#27;[0m Matched '/element/00000000-0000-017e-ffff-ffff0000017a/attribute/displayed' to command name 'getAttribute'
&amp#27;[38;5;38m[206e5dd8]&amp#27;[0m&amp#27;[38;5;-45m[AndroidUiautomator2Driver@b0cc]&amp#27;[0m Proxying [GET /element/00000000-0000-017e-ffff-ffff0000017a/attribute/displayed] to [GET http://127.0.0.1:8201/session/310ded7c-6b95-4d54-95d3-26f66dd3c642/element/00000000-0000-017e-ffff-ffff0000017a/attribute/displayed] with no body
&amp#27;[38;5;38m[206e5dd8]&amp#27;[0m&amp#27;[38;5;-45m[AndroidUiautomator2Driver@b0cc]&amp#27;[0m Got response with status 200: {"sessionId":"310ded7c-6b95-4d54-95d3-26f66dd3c642","value":"true"}
&amp#27;[38;5;38m[206e5dd8]&amp#27;[0m&amp#27;[38;5;-45m[AndroidUiautomator2Driver@b0cc]&amp#27;[0m Responding to client with driver.elementDisplayed() result: true
&amp#27;[38;5;38m[206e5dd8]&amp#27;[0m&amp#27;[38;5;86m[HTTP]&amp#27;[0m &amp#27;[37m<-- GET /session/206e5dd8-e05f-4e20-a5cd-137397744e6a/element/00000000-0000-017e-ffff-ffff0000017a/displayed &amp#27;[39m&amp#27;[32m200&amp#27;[39m &amp#27;[90m468 ms - 14&amp#27;[39m &amp#27;[90m&amp#27;[39m
&amp#27;[38;5;38m[206e5dd8]&amp#27;[0m&amp#27;[38;5;86m[HTTP]&amp#27;[0m &amp#27;[37m-->&amp#27;[39m &amp#27;[37mPOST&amp#27;[39m &amp#27;[37m/session/206e5dd8-e05f-4e20-a5cd-137397744e6a/element/00000000-0000-017e-ffff-ffff0000017a/click&amp#27;[39m &amp#27;[90m{"id":"00000000-0000-017e-ffff-ffff0000017a"}&amp#27;[39m
&amp#27;[38;5;38m[206e5dd8]&amp#27;[0m&amp#27;[38;5;-45m[AndroidUiautomator2Driver@b0cc]&amp#27;[0m Calling AppiumDriver.click() with args: ["00000000-0000-017e-ffff-ffff0000017a","206e5dd8-e05f-4e20-a5cd-137397744e6a"]
&amp#27;[38;5;38m[206e5dd8]&amp#27;[0m&amp#27;[38;5;-45m[AndroidUiautomator2Driver@b0cc]&amp#27;[0m Matched '/element/00000000-0000-017e-ffff-ffff0000017a/click' to command name 'click'
&amp#27;[38;5;38m[206e5dd8]&amp#27;[0m&amp#27;[38;5;-45m[AndroidUiautomator2Driver@b0cc]&amp#27;[0m Proxying [POST /element/00000000-0000-017e-ffff-ffff0000017a/click] to [POST http://127.0.0.1:8201/session/310ded7c-6b95-4d54-95d3-26f66dd3c642/element/00000000-0000-017e-ffff-ffff0000017a/click] with body: {"element":"00000000-0000-017e-ffff-ffff0000017a"}
&amp#27;[38;5;38m[206e5dd8]&amp#27;[0m&amp#27;[38;5;-45m[AndroidUiautomator2Driver@b0cc]&amp#27;[0m Got response with status 200: {"sessionId":"310ded7c-6b95-4d54-95d3-26f66dd3c642","value":null}
&amp#27;[38;5;38m[206e5dd8]&amp#27;[0m&amp#27;[38;5;-45m[AndroidUiautomator2Driver@b0cc]&amp#27;[0m Responding to client with driver.click() result: null
&amp#27;[38;5;38m[206e5dd8]&amp#27;[0m&amp#27;[38;5;86m[HTTP]&amp#27;[0m &amp#27;[37m<-- POST /session/206e5dd8-e05f-4e20-a5cd-137397744e6a/element/00000000-0000-017e-ffff-ffff0000017a/click &amp#27;[39m&amp#27;[32m200&amp#27;[39m &amp#27;[90m126 ms - 14&amp#27;[39m &amp#27;[90m&amp#27;[39m
&amp#27;[38;5;38m[206e5dd8]&amp#27;[0m&amp#27;[38;5;86m[HTTP]&amp#27;[0m &amp#27;[37m-->&amp#27;[39m &amp#27;[37mPOST&amp#27;[39m &amp#27;[37m/session/206e5dd8-e05f-4e20-a5cd-137397744e6a/element&amp#27;[39m &amp#27;[90m{"value":"new UiSelector().className(\"android.widget.ImageView\").instance(4)","using":"-android uiautomator"}&amp#27;[39m
&amp#27;[38;5;38m[206e5dd8]&amp#27;[0m&amp#27;[38;5;-45m[AndroidUiautomator2Driver@b0cc]&amp#27;[0m Calling AppiumDriver.findElement() with args: ["-android uiautomator","new UiSelector().className(\"android.widget.ImageView\").instance(4)","206e5dd8-e05f-4e20-a5cd-137397744e6a"]
&amp#27;[38;5;38m[206e5dd8]&amp#27;[0m&amp#27;[38;5;-45m[AndroidUiautomator2Driver@b0cc]&amp#27;[0m Valid locator strategies for this request: xpath, id, class name, accessibility id, css selector, -android uiautomator
&amp#27;[38;5;38m[206e5dd8]&amp#27;[0m&amp#27;[38;5;-45m[AndroidUiautomator2Driver@b0cc]&amp#27;[0m Waiting up to 0 ms for condition
&amp#27;[38;5;38m[206e5dd8]&amp#27;[0m&amp#27;[38;5;-45m[AndroidUiautomator2Driver@b0cc]&amp#27;[0m Matched '/element' to command name 'findElement'
&amp#27;[38;5;38m[206e5dd8]&amp#27;[0m&amp#27;[38;5;-45m[AndroidUiautomator2Driver@b0cc]&amp#27;[0m Proxying [POST /element] to [POST http://127.0.0.1:8201/session/310ded7c-6b95-4d54-95d3-26f66dd3c642/element] with body: {"strategy":"-android uiautomator","selector":"new UiSelector().className(\"android.widget.ImageView\").instance(4)","context":"","multiple":false}
[...]
&amp#27;[38;5;38m[206e5dd8]&amp#27;[0m&amp#27;[38;5;123m[W3C]&amp#27;[0m Matched W3C error code 'no such element' to NoSuchElementError
&amp#27;[38;5;38m[206e5dd8]&amp#27;[0m&amp#27;[38;5;-45m[AndroidUiautomator2Driver@b0cc]&amp#27;[0m Encountered internal error running command: NoSuchElementError: An element could not be located on the page using the given search parameters.
    at AndroidUiautomator2Driver.findElOrEls (C:\Users\admin\.appium\node_modules\appium-uiautomator2-driver\node_modules\appium-android-driver\lib\commands\find.ts:86:11)
    at processTicksAndRejections (node:internal/process/task_queues:105:5)
    at AndroidUiautomator2Driver.findElOrElsWithProcessing (C:\Users\admin\AppData\Roaming\npm\node_modules\appium\node_modules\@appium\base-driver\lib\basedriver\commands\find.ts:60:12)
    at AndroidUiautomator2Driver.findElement (C:\Users\admin\AppData\Roaming\npm\node_modules\appium\node_modules\@appium\base-driver\lib\basedriver\commands\find.ts:75:12)
&amp#27;[38;5;38m[206e5dd8]&amp#27;[0m&amp#27;[38;5;86m[HTTP]&amp#27;[0m &amp#27;[37m<-- POST /session/206e5dd8-e05f-4e20-a5cd-137397744e6a/element &amp#27;[39m&amp#27;[33m404&amp#27;[39m &amp#27;[90m513 ms - 891&amp#27;[39m &amp#27;[90m&amp#27;[39m
&amp#27;[38;5;38m[206e5dd8]&amp#27;[0m&amp#27;[38;5;86m[HTTP]&amp#27;[0m &amp#27;[37m-->&amp#27;[39m &amp#27;[37mPOST&amp#27;[39m &amp#27;[37m/session/206e5dd8-e05f-4e20-a5cd-137397744e6a/element&amp#27;[39m &amp#27;[90m{"value":"0ADD TO CART","using":"accessibility id"}&amp#27;[39m
&amp#27;[38;5;38m[206e5dd8]&amp#27;[0m&amp#27;[38;5;-45m[AndroidUiautomator2Driver@b0cc]&amp#27;[0m Calling AppiumDriver.findElement() with args: ["accessibility id","0ADD TO CART","206e5dd8-e05f-4e20-a5cd-137397744e6a"]
&amp#27;[38;5;38m[206e5dd8]&amp#27;[0m&amp#27;[38;5;-45m[AndroidUiautomator2Driver@b0cc]&amp#27;[0m Valid locator strategies for this request: xpath, id, class name, accessibility id, css selector, -android uiautomator
&amp#27;[38;5;38m[206e5dd8]&amp#27;[0m&amp#27;[38;5;-45m[AndroidUiautomator2Driver@b0cc]&amp#27;[0m Waiting up to 0 ms for condition
&amp#27;[38;5;38m[206e5dd8]&amp#27;[0m&amp#27;[38;5;-45m[AndroidUiautomator2Driver@b0cc]&amp#27;[0m Matched '/element' to command name 'findElement'
&amp#27;[38;5;38m[206e5dd8]&amp#27;[0m&amp#27;[38;5;-45m[AndroidUiautomator2Driver@b0cc]&amp#27;[0m Proxying [POST /element] to [POST http://127.0.0.1:8201/session/310ded7c-6b95-4d54-95d3-26f66dd3c642/element] with body: {"strategy":"accessibility id","selector":"0ADD TO CART","context":"","multiple":false}
&amp#27;[38;5;38m[206e5dd8]&amp#27;[0m&amp#27;[38;5;-45m[AndroidUiautomator2Driver@b0cc]&amp#27;[0m Got response with status 404: {"sessionId":"310ded7c-6b95-4d54-95d3-26f66dd3c642","value":{"error":"no such element","message":"An element could not be located on the page using the given search parameters","stacktrace":"io.appium.uiautomator2.common.exceptions.ElementNotFoundException: An element could not be located on the page using the given search parameters\n\tat io.appium.uiautomator2.handler.FindElement.safeHandle(FindElement.java:63)\n\tat io.appium.uiautomator2.handler.request.SafeRequestHandler.handle(SafeRequestHandler.java:59)\n\tat io.appium.uiautomator2.server.AppiumServlet.handleRequest(AppiumServlet.java:259)\n\tat io.appium.uiautomator2.server.AppiumServlet.handleHttpRequest(AppiumServlet.java:253)\n\tat io.appium.uiautomator2.http.ServerHandler.channelRead(ServerHandler.java:77)\n\tat io.netty.channel.AbstractChannelHandlerContext.invokeChannelRead(AbstractChannelHandlerContext.java:366)\n\tat io.netty.channel.AbstractChannelHandlerContext.invokeChannelRead(AbstractChannelHandlerContext.java:352)\n\tat io.netty.chann...
&amp#27;[38;5;38m[206e5dd8]&amp#27;[0m&amp#27;[38;5;123m[W3C]&amp#27;[0m Matched W3C error code 'no such element' to NoSuchElementError
&amp#27;[38;5;38m[206e5dd8]&amp#27;[0m&amp#27;[38;5;-45m[AndroidUiautomator2Driver@b0cc]&amp#27;[0m Encountered internal error running command: NoSuchElementError: An element could not be located on the page using the given search parameters.
    at AndroidUiautomator2Driver.findElOrEls (C:\Users\admin\.appium\node_modules\appium-uiautomator2-driver\node_modules\appium-android-driver\lib\commands\find.ts:86:11)
    at processTicksAndRejections (node:internal/process/task_queues:105:5)
    at AndroidUiautomator2Driver.findElOrElsWithProcessing (C:\Users\admin\AppData\Roaming\npm\node_modules\appium\node_modules\@appium\base-driver\lib\basedriver\commands\find.ts:60:12)
    at AndroidUiautomator2Driver.findElement (C:\Users\admin\AppData\Roaming\npm\node_modules\appium\node_modules\@appium\base-driver\lib\basedriver\commands\find.ts:75:12)
&amp#27;[38;5;38m[206e5dd8]&amp#27;[0m&amp#27;[38;5;86m[HTTP]&amp#27;[0m &amp#27;[37m<-- POST /session/206e5dd8-e05f-4e20-a5cd-137397744e6a/element &amp#27;[39m&amp#27;[33m404&amp#27;[39m &amp#27;[90m476 ms - 891&amp#27;[39m &amp#27;[90m&amp#27;[39m
&amp#27;[38;5;38m[206e5dd8]&amp#27;[0m&amp#27;[38;5;86m[HTTP]&amp#27;[0m &amp#27;[37m-->&amp#27;[39m &amp#27;[37mPOST&amp#27;[39m &amp#27;[37m/session/206e5dd8-e05f-4e20-a5cd-137397744e6a/element&amp#27;[39m &amp#27;[90m{"value":"0ADD TO CART","using":"accessibility id"}&amp#27;[39m
&amp#27;[38;5;38m[206e5dd8]&amp#27;[0m&amp#27;[38;5;-45m[AndroidUiautomator2Driver@b0cc]&amp#27;[0m Calling AppiumDriver.findElement() with args: ["accessibility id","0ADD TO CART","206e5dd8-e05f-4e20-a5cd-137397744e6a"]
&amp#27;[38;5;38m[206e5dd8]&amp#27;[0m&amp#27;[38;5;-45m[AndroidUiautomator2Driver@b0cc]&amp#27;[0m Valid locator strategies for this request: xpath, id, class name, accessibility id, css selector, -android uiautomator
&amp#27;[38;5;38m[206e5dd8]&amp#27;[0m&amp#27;[38;5;-45m[AndroidUiautomator2Driver@b0cc]&amp#27;[0m Waiting up to 0 ms for condition
&amp#27;[38;5;38m[206e5dd8]&amp#27;[0m&amp#27;[38;5;-45m[AndroidUiautomator2Driver@b0cc]&amp#27;[0m Matched '/element' to command name 'findElement'
&amp#27;[38;5;38m[206e5dd8]&amp#27;[0m&amp#27;[38;5;-45m[AndroidUiautomator2Driver@b0cc]&amp#27;[0m Proxying [POST /element] to [POST http://127.0.0.1:8201/session/310ded7c-6b95-4d54-95d3-26f66dd3c642/element] with body: {"strategy":"accessibility id","selector":"0ADD TO CART","context":"","multiple":false}
&amp#27;[38;5;38m[206e5dd8]&amp#27;[0m&amp#27;[38;5;-45m[AndroidUiautomator2Driver@b0cc]&amp#27;[0m Got response with status 404: {"sessionId":"310ded7c-6b95-4d54-95d3-26f66dd3c642","value":{"error":"no such element","message":"An element could not be located on the page using the given search parameters","stacktrace":"io.appium.uiautomator2.common.exceptions.ElementNotFoundException: An element could not be located on the page using the given search parameters\n\tat io.appium.uiautomator2.handler.FindElement.safeHandle(FindElement.java:63)\n\tat io.appium.uiautomator2.handler.request.SafeRequestHandler.handle(SafeRequestHandler.java:59)\n\tat io.appium.uiautomator2.server.AppiumServlet.handleRequest(AppiumServlet.java:259)\n\tat io.appium.uiautomator2.server.AppiumServlet.handleHttpRequest(AppiumServlet.java:253)\n\tat io.appium.uiautomator2.http.ServerHandler.channelRead(ServerHandler.java:77)\n\tat io.netty.channel.AbstractChannelHandlerContext.invokeChannelRead(AbstractChannelHandlerContext.java:366)\n\tat io.netty.channel.AbstractChannelHandlerContext.invokeChannelRead(AbstractChannelHandlerContext.java:352)\n\tat io.netty.chann...
&amp#27;[38;5;38m[206e5dd8]&amp#27;[0m&amp#27;[38;5;123m[W3C]&amp#27;[0m Matched W3C error code 'no such element' to NoSuchElementError
&amp#27;[38;5;38m[206e5dd8]&amp#27;[0m&amp#27;[38;5;-45m[AndroidUiautomator2Driver@b0cc]&amp#27;[0m Encountered internal error running command: NoSuchElementError: An element could not be located on the page using the given search parameters.
    at AndroidUiautomator2Driver.findElOrEls (C:\Users\admin\.appium\node_modules\appium-uiautomator2-driver\node_modules\appium-android-driver\lib\commands\find.ts:86:11)
    at processTicksAndRejections (node:internal/process/task_queues:105:5)
    at AndroidUiautomator2Driver.findElOrElsWithProcessing (C:\Users\admin\AppData\Roaming\npm\node_modules\appium\node_modules\@appium\base-driver\lib\basedriver\commands\find.ts:60:12)
    at AndroidUiautomator2Driver.findElement (C:\Users\admin\AppData\Roaming\npm\node_modules\appium\node_modules\@appium\base-driver\lib\basedriver\commands\find.ts:75:12)
&amp#27;[38;5;38m[206e5dd8]&amp#27;[0m&amp#27;[38;5;86m[HTTP]&amp#27;[0m &amp#27;[37m<-- POST /session/206e5dd8-e05f-4e20-a5cd-137397744e6a/element &amp#27;[39m&amp#27;[33m404&amp#27;[39m &amp#27;[90m413 ms - 891&amp#27;[39m &amp#27;[90m&amp#27;[39m
&amp#27;[38;5;38m[206e5dd8]&amp#27;[0m&amp#27;[38;5;86m[HTTP]&amp#27;[0m &amp#27;[37m-->&amp#27;[39m &amp#27;[37mPOST&amp#27;[39m &amp#27;[37m/session/206e5dd8-e05f-4e20-a5cd-137397744e6a/element&amp#27;[39m &amp#27;[90m{"value":"0ADD TO CART","using":"accessibility id"}&amp#27;[39m
&amp#27;[38;5;38m[206e5dd8]&amp#27;[0m&amp#27;[38;5;-45m[AndroidUiautomator2Driver@b0cc]&amp#27;[0m Calling AppiumDriver.findElement() with args: ["accessibility id","0ADD TO CART","206e5dd8-e05f-4e20-a5cd-137397744e6a"]
&amp#27;[38;5;38m[206e5dd8]&amp#27;[0m&amp#27;[38;5;-45m[AndroidUiautomator2Driver@b0cc]&amp#27;[0m Valid locator strategies for this request: xpath, id, class name, accessibility id, css selector, -android uiautomator
&amp#27;[38;5;38m[206e5dd8]&amp#27;[0m&amp#27;[38;5;-45m[AndroidUiautomator2Driver@b0cc]&amp#27;[0m Waiting up to 0 ms for condition
&amp#27;[38;5;38m[206e5dd8]&amp#27;[0m&amp#27;[38;5;-45m[AndroidUiautomator2Driver@b0cc]&amp#27;[0m Matched '/element' to command name 'findElement'
&amp#27;[38;5;38m[206e5dd8]&amp#27;[0m&amp#27;[38;5;-45m[AndroidUiautomator2Driver@b0cc]&amp#27;[0m Proxying [POST /element] to [POST http://127.0.0.1:8201/session/310ded7c-6b95-4d54-95d3-26f66dd3c642/element] with body: {"strategy":"accessibility id","selector":"0ADD TO CART","context":"","multiple":false}
&amp#27;[38;5;38m[206e5dd8]&amp#27;[0m&amp#27;[38;5;-45m[AndroidUiautomator2Driver@b0cc]&amp#27;[0m Got response with status 404: {"sessionId":"310ded7c-6b95-4d54-95d3-26f66dd3c642","value":{"error":"no such element","message":"An element could not be located on the page using the given search parameters","stacktrace":"io.appium.uiautomator2.common.exceptions.ElementNotFoundException: An element could not be located on the page using the given search parameters\n\tat io.appium.uiautomator2.handler.FindElement.safeHandle(FindElement.java:63)\n\tat io.appium.uiautomator2.handler.request.SafeRequestHandler.handle(SafeRequestHandler.java:59)\n\tat io.appium.uiautomator2.server.AppiumServlet.handleRequest(AppiumServlet.java:259)\n\tat io.appium.uiautomator2.server.AppiumServlet.handleHttpRequest(AppiumServlet.java:253)\n\tat io.appium.uiautomator2.http.ServerHandler.channelRead(ServerHandler.java:77)\n\tat io.netty.channel.AbstractChannelHandlerContext.invokeChannelRead(AbstractChannelHandlerContext.java:366)\n\tat io.netty.channel.AbstractChannelHandlerContext.invokeChannelRead(AbstractChannelHandlerContext.java:352)\n\tat io.netty.chann...
&amp#27;[38;5;38m[206e5dd8]&amp#27;[0m&amp#27;[38;5;123m[W3C]&amp#27;[0m Matched W3C error code 'no such element' to NoSuchElementError
&amp#27;[38;5;38m[206e5dd8]&amp#27;[0m&amp#27;[38;5;-45m[AndroidUiautomator2Driver@b0cc]&amp#27;[0m Encountered internal error running command: NoSuchElementError: An element could not be located on the page using the given search parameters.
    at AndroidUiautomator2Driver.findElOrEls (C:\Users\admin\.appium\node_modules\appium-uiautomator2-driver\node_modules\appium-android-driver\lib\commands\find.ts:86:11)
    at processTicksAndRejections (node:internal/process/task_queues:105:5)
    at AndroidUiautomator2Driver.findElOrElsWithProcessing (C:\Users\admin\AppData\Roaming\npm\node_modules\appium\node_modules\@appium\base-driver\lib\basedriver\commands\find.ts:60:12)
    at AndroidUiautomator2Driver.findElement (C:\Users\admin\AppData\Roaming\npm\node_modules\appium\node_modules\@appium\base-driver\lib\basedriver\commands\find.ts:75:12)
&amp#27;[38;5;38m[206e5dd8]&amp#27;[0m&amp#27;[38;5;86m[HTTP]&amp#27;[0m &amp#27;[37m<-- POST /session/206e5dd8-e05f-4e20-a5cd-137397744e6a/element &amp#27;[39m&amp#27;[33m404&amp#27;[39m &amp#27;[90m463 ms - 891&amp#27;[39m &amp#27;[90m&amp#27;[39m
&amp#27;[38;5;38m[206e5dd8]&amp#27;[0m&amp#27;[38;5;86m[HTTP]&amp#27;[0m &amp#27;[37m-->&amp#27;[39m &amp#27;[37mPOST&amp#27;[39m &amp#27;[37m/session/206e5dd8-e05f-4e20-a5cd-137397744e6a/element&amp#27;[39m &amp#27;[90m{"value":"0ADD TO CART","using":"accessibility id"}&amp#27;[39m
&amp#27;[38;5;38m[206e5dd8]&amp#27;[0m&amp#27;[38;5;-45m[AndroidUiautomator2Driver@b0cc]&amp#27;[0m Calling AppiumDriver.findElement() with args: ["accessibility id","0ADD TO CART","206e5dd8-e05f-4e20-a5cd-137397744e6a"]
&amp#27;[38;5;38m[206e5dd8]&amp#27;[0m&amp#27;[38;5;-45m[AndroidUiautomator2Driver@b0cc]&amp#27;[0m Valid locator strategies for this request: xpath, id, class name, accessibility id, css selector, -android uiautomator
&amp#27;[38;5;38m[206e5dd8]&amp#27;[0m&amp#27;[38;5;-45m[AndroidUiautomator2Driver@b0cc]&amp#27;[0m Waiting up to 0 ms for condition
&amp#27;[38;5;38m[206e5dd8]&amp#27;[0m&amp#27;[38;5;-45m[AndroidUiautomator2Driver@b0cc]&amp#27;[0m Matched '/element' to command name 'findElement'
&amp#27;[38;5;38m[206e5dd8]&amp#27;[0m&amp#27;[38;5;-45m[AndroidUiautomator2Driver@b0cc]&amp#27;[0m Proxying [POST /element] to [POST http://127.0.0.1:8201/session/310ded7c-6b95-4d54-95d3-26f66dd3c642/element] with body: {"strategy":"accessibility id","selector":"0ADD TO CART","context":"","multiple":false}
&amp#27;[38;5;38m[206e5dd8]&amp#27;[0m&amp#27;[38;5;-45m[AndroidUiautomator2Driver@b0cc]&amp#27;[0m Got response with status 404: {"sessionId":"310ded7c-6b95-4d54-95d3-26f66dd3c642","value":{"error":"no such element","message":"An element could not be located on the page using the given search parameters","stacktrace":"io.appium.uiautomator2.common.exceptions.ElementNotFoundException: An element could not be located on the page using the given search parameters\n\tat io.appium.uiautomator2.handler.FindElement.safeHandle(FindElement.java:63)\n\tat io.appium.uiautomator2.handler.request.SafeRequestHandler.handle(SafeRequestHandler.java:59)\n\tat io.appium.uiautomator2.server.AppiumServlet.handleRequest(AppiumServlet.java:259)\n\tat io.appium.uiautomator2.server.AppiumServlet.handleHttpRequest(AppiumServlet.java:253)\n\tat io.appium.uiautomator2.http.ServerHandler.channelRead(ServerHandler.java:77)\n\tat io.netty.channel.AbstractChannelHandlerContext.invokeChannelRead(AbstractChannelHandlerContext.java:366)\n\tat io.netty.channel.AbstractChannelHandlerContext.invokeChannelRead(AbstractChannelHandlerContext.java:352)\n\tat io.netty.chann...
&amp#27;[38;5;38m[206e5dd8]&amp#27;[0m&amp#27;[38;5;123m[W3C]&amp#27;[0m Matched W3C error code 'no such element' to NoSuchElementError
&amp#27;[38;5;38m[206e5dd8]&amp#27;[0m&amp#27;[38;5;-45m[AndroidUiautomator2Driver@b0cc]&amp#27;[0m Encountered internal error running command: NoSuchElementError: An element could not be located on the page using the given search parameters.
    at AndroidUiautomator2Driver.findElOrEls (C:\Users\admin\.appium\node_modules\appium-uiautomator2-driver\node_modules\appium-android-driver\lib\commands\find.ts:86:11)
    at processTicksAndRejections (node:internal/process/task_queues:105:5)
    at AndroidUiautomator2Driver.findElOrElsWithProcessing (C:\Users\admin\AppData\Roaming\npm\node_modules\appium\node_modules\@appium\base-driver\lib\basedriver\commands\find.ts:60:12)
    at AndroidUiautomator2Driver.findElement (C:\Users\admin\AppData\Roaming\npm\node_modules\appium\node_modules\@appium\base-driver\lib\basedriver\commands\find.ts:75:12)
&amp#27;[38;5;38m[206e5dd8]&amp#27;[0m&amp#27;[38;5;86m[HTTP]&amp#27;[0m &amp#27;[37m<-- POST /session/206e5dd8-e05f-4e20-a5cd-137397744e6a/element &amp#27;[39m&amp#27;[33m404&amp#27;[39m &amp#27;[90m485 ms - 891&amp#27;[39m &amp#27;[90m&amp#27;[39m
&amp#27;[38;5;38m[206e5dd8]&amp#27;[0m&amp#27;[38;5;86m[HTTP]&amp#27;[0m &amp#27;[37m-->&amp#27;[39m &amp#27;[37mPOST&amp#27;[39m &amp#27;[37m/session/206e5dd8-e05f-4e20-a5cd-137397744e6a/element&amp#27;[39m &amp#27;[90m{"value":"0ADD TO CART","using":"accessibility id"}&amp#27;[39m
&amp#27;[38;5;38m[206e5dd8]&amp#27;[0m&amp#27;[38;5;-45m[AndroidUiautomator2Driver@b0cc]&amp#27;[0m Calling AppiumDriver.findElement() with args: ["accessibility id","0ADD TO CART","206e5dd8-e05f-4e20-a5cd-137397744e6a"]
&amp#27;[38;5;38m[206e5dd8]&amp#27;[0m&amp#27;[38;5;-45m[AndroidUiautomator2Driver@b0cc]&amp#27;[0m Valid locator strategies for this request: xpath, id, class name, accessibility id, css selector, -android uiautomator
&amp#27;[38;5;38m[206e5dd8]&amp#27;[0m&amp#27;[38;5;-45m[AndroidUiautomator2Driver@b0cc]&amp#27;[0m Waiting up to 0 ms for condition
&amp#27;[38;5;38m[206e5dd8]&amp#27;[0m&amp#27;[38;5;-45m[AndroidUiautomator2Driver@b0cc]&amp#27;[0m Matched '/element' to command name 'findElement'
&amp#27;[38;5;38m[206e5dd8]&amp#27;[0m&amp#27;[38;5;-45m[AndroidUiautomator2Driver@b0cc]&amp#27;[0m Proxying [POST /element] to [POST http://127.0.0.1:8201/session/310ded7c-6b95-4d54-95d3-26f66dd3c642/element] with body: {"strategy":"accessibility id","selector":"0ADD TO CART","context":"","multiple":false}
&amp#27;[38;5;38m[206e5dd8]&amp#27;[0m&amp#27;[38;5;-45m[AndroidUiautomator2Driver@b0cc]&amp#27;[0m Got response with status 404: {"sessionId":"310ded7c-6b95-4d54-95d3-26f66dd3c642","value":{"error":"no such element","message":"An element could not be located on the page using the given search parameters","stacktrace":"io.appium.uiautomator2.common.exceptions.ElementNotFoundException: An element could not be located on the page using the given search parameters\n\tat io.appium.uiautomator2.handler.FindElement.safeHandle(FindElement.java:63)\n\tat io.appium.uiautomator2.handler.request.SafeRequestHandler.handle(SafeRequestHandler.java:59)\n\tat io.appium.uiautomator2.server.AppiumServlet.handleRequest(AppiumServlet.java:259)\n\tat io.appium.uiautomator2.server.AppiumServlet.handleHttpRequest(AppiumServlet.java:253)\n\tat io.appium.uiautomator2.http.ServerHandler.channelRead(ServerHandler.java:77)\n\tat io.netty.channel.AbstractChannelHandlerContext.invokeChannelRead(AbstractChannelHandlerContext.java:366)\n\tat io.netty.channel.AbstractChannelHandlerContext.invokeChannelRead(AbstractChannelHandlerContext.java:352)\n\tat io.netty.chann...
&amp#27;[38;5;38m[206e5dd8]&amp#27;[0m&amp#27;[38;5;123m[W3C]&amp#27;[0m Matched W3C error code 'no such element' to NoSuchElementError
&amp#27;[38;5;38m[206e5dd8]&amp#27;[0m&amp#27;[38;5;-45m[AndroidUiautomator2Driver@b0cc]&amp#27;[0m Encountered internal error running command: NoSuchElementError: An element could not be located on the page using the given search parameters.
    at AndroidUiautomator2Driver.findElOrEls (C:\Users\admin\.appium\node_modules\appium-uiautomator2-driver\node_modules\appium-android-driver\lib\commands\find.ts:86:11)
    at processTicksAndRejections (node:internal/process/task_queues:105:5)
    at AndroidUiautomator2Driver.findElOrElsWithProcessing (C:\Users\admin\AppData\Roaming\npm\node_modules\appium\node_modules\@appium\base-driver\lib\basedriver\commands\find.ts:60:12)
    at AndroidUiautomator2Driver.findElement (C:\Users\admin\AppData\Roaming\npm\node_modules\appium\node_modules\@appium\base-driver\lib\basedriver\commands\find.ts:75:12)
&amp#27;[38;5;38m[206e5dd8]&amp#27;[0m&amp#27;[38;5;86m[HTTP]&amp#27;[0m &amp#27;[37m<-- POST /session/206e5dd8-e05f-4e20-a5cd-137397744e6a/element &amp#27;[39m&amp#27;[33m404&amp#27;[39m &amp#27;[90m711 ms - 891&amp#27;[39m &amp#27;[90m&amp#27;[39m
]]></system-out>
  </testcase>
</testsuite>