<?xml version="1.0" encoding="UTF-8"?>
<testng-results ignored="0" total="1" passed="1" failed="0" skipped="0">
  <reporter-output>
  </reporter-output>
  <suite started-at="2025-02-14T16:28:14 IST" name="Default suite" finished-at="2025-02-14T16:28:42 IST" duration-ms="28540">
    <groups>
    </groups>
    <test started-at="2025-02-14T16:28:14 IST" name="Default test" finished-at="2025-02-14T16:28:42 IST" duration-ms="28540">
      <class name="TotalFoods.FirstTest">
        <test-method is-config="true" signature="setUp()[pri:0, instance:TotalFoods.FirstTest@367ffa75]" started-at="2025-02-14T16:28:14 IST" name="setUp" finished-at="2025-02-14T16:28:21 IST" duration-ms="7230" status="PASS">
          <reporter-output>
          </reporter-output>
        </test-method> <!-- setUp -->
        <test-method signature="demo()[pri:0, instance:TotalFoods.FirstTest@367ffa75]" started-at="2025-02-14T16:28:21 IST" name="demo" finished-at="2025-02-14T16:28:42 IST" duration-ms="21249" status="PASS">
          <reporter-output>
          </reporter-output>
        </test-method> <!-- demo -->
        <test-method is-config="true" signature="tearDown()[pri:0, instance:TotalFoods.FirstTest@367ffa75]" started-at="2025-02-14T16:28:42 IST" name="tearDown" finished-at="2025-02-14T16:28:42 IST" duration-ms="1" status="PASS">
          <reporter-output>
          </reporter-output>
        </test-method> <!-- tearDown -->
      </class> <!-- TotalFoods.FirstTest -->
    </test> <!-- Default test -->
  </suite> <!-- Default suite -->
</testng-results>
